Using pre-set license
Built from '2020.3/staging' branch; Version is '2020.3.18f1 (a7d1c678663c) revision 10998214'; Using compiler version '192528614'; Build Type 'Release'
OS: 'Windows 10 Home; OS build 19042.1288; Version 2009; 64bit' Language: 'zh' Physical Memory: 8037 MB
BatchMode: 1, IsHumanControllingUs: 0, StartBugReporterOnCrash: 0, Is64bit: 1, IsPro: 0

COMMAND LINE ARGUMENTS:
C:\Program Files\Unity\Hub\Editor\2020.3.18f1\Editor\Unity.exe
-adb2
-batchMode
-noUpm
-name
AssetImportWorker0
-projectPath
C:/Users/User/Desktop/Unity_ASIA_KonoUnityDa_uprush_20211030/ASIA_KonoUnityDa_uprush_20211030
-logFile
Logs/AssetImportWorker0.log
-srvPort
58871
Successfully changed project path to: C:/Users/User/Desktop/Unity_ASIA_KonoUnityDa_uprush_20211030/ASIA_KonoUnityDa_uprush_20211030
C:/Users/User/Desktop/Unity_ASIA_KonoUnityDa_uprush_20211030/ASIA_KonoUnityDa_uprush_20211030
Using Asset Import Pipeline V2.
Refreshing native plugins compatible for Editor in 38.81 ms, found 3 plugins.
Preloading 0 native plugins for Editor in 0.00 ms.
Initialize engine version: 2020.3.18f1 (a7d1c678663c)
[Subsystems] Discovering subsystems at path C:/Program Files/Unity/Hub/Editor/2020.3.18f1/Editor/Data/Resources/UnitySubsystems
[Subsystems] Discovering subsystems at path C:/Users/User/Desktop/Unity_ASIA_KonoUnityDa_uprush_20211030/ASIA_KonoUnityDa_uprush_20211030/Assets
GfxDevice: creating device client; threaded=0
Direct3D:
    Version:  Direct3D 11.0 [level 11.1]
    Renderer: NVIDIA GeForce GTX 1650 (ID=0x1f91)
    Vendor:   
    VRAM:     3962 MB
    Driver:   25.21.14.1788
Initialize mono
Mono path[0] = 'C:/Program Files/Unity/Hub/Editor/2020.3.18f1/Editor/Data/Managed'
Mono path[1] = 'C:/Program Files/Unity/Hub/Editor/2020.3.18f1/Editor/Data/MonoBleedingEdge/lib/mono/unityjit'
Mono config path = 'C:/Program Files/Unity/Hub/Editor/2020.3.18f1/Editor/Data/MonoBleedingEdge/etc'
Using monoOptions --debugger-agent=transport=dt_socket,embedding=1,server=y,suspend=n,address=127.0.0.1:56296
Begin MonoManager ReloadAssembly
Registering precompiled unity dll's ...
Register platform support module: C:/Program Files/Unity/Hub/Editor/2020.3.18f1/Editor/Data/PlaybackEngines/WebGLSupport/UnityEditor.WebGL.Extensions.dll
Register platform support module: C:/Program Files/Unity/Hub/Editor/2020.3.18f1/Editor/Data/PlaybackEngines/WindowsStandaloneSupport/UnityEditor.WindowsStandalone.Extensions.dll
Registered in 0.002598 seconds.
Native extension for WindowsStandalone target not found
Native extension for WebGL target not found
Refreshing native plugins compatible for Editor in 41.25 ms, found 3 plugins.
Preloading 0 native plugins for Editor in 0.00 ms.
Mono: successfully reloaded assembly
- Completed reload, in  2.124 seconds
Domain Reload Profiling:
	ReloadAssembly (2124ms)
		BeginReloadAssembly (55ms)
			ExecutionOrderSort (0ms)
			DisableScriptedObjects (0ms)
			BackupInstance (0ms)
			ReleaseScriptingObjects (0ms)
			CreateAndSetChildDomain (1ms)
		EndReloadAssembly (378ms)
			LoadAssemblies (53ms)
			RebuildTransferFunctionScriptingTraits (0ms)
			SetupTypeCache (136ms)
			ReleaseScriptCaches (0ms)
			RebuildScriptCaches (28ms)
			SetupLoadedEditorAssemblies (150ms)
				LogAssemblyErrors (0ms)
				InitializePlatformSupportModulesInManaged (4ms)
				SetLoadedEditorAssemblies (0ms)
				RefreshPlugins (41ms)
				BeforeProcessingInitializeOnLoad (9ms)
				ProcessInitializeOnLoadAttributes (69ms)
				ProcessInitializeOnLoadMethodAttributes (25ms)
				AfterProcessingInitializeOnLoad (0ms)
				EditorAssembliesLoaded (0ms)
			ExecutionOrderSort2 (0ms)
			AwakeInstancesAfterBackupRestoration (0ms)
Platform modules already initialized, skipping
Registering precompiled user dll's ...
Registered in 0.003716 seconds.
Begin MonoManager ReloadAssembly
Native extension for WindowsStandalone target not found
Native extension for WebGL target not found
Refreshing native plugins compatible for Editor in 36.09 ms, found 3 plugins.
Preloading 0 native plugins for Editor in 0.00 ms.
Mono: successfully reloaded assembly
- Completed reload, in  1.055 seconds
Domain Reload Profiling:
	ReloadAssembly (1055ms)
		BeginReloadAssembly (135ms)
			ExecutionOrderSort (0ms)
			DisableScriptedObjects (4ms)
			BackupInstance (0ms)
			ReleaseScriptingObjects (0ms)
			CreateAndSetChildDomain (18ms)
		EndReloadAssembly (863ms)
			LoadAssemblies (129ms)
			RebuildTransferFunctionScriptingTraits (0ms)
			SetupTypeCache (270ms)
			ReleaseScriptCaches (0ms)
			RebuildScriptCaches (45ms)
			SetupLoadedEditorAssemblies (301ms)
				LogAssemblyErrors (0ms)
				InitializePlatformSupportModulesInManaged (5ms)
				SetLoadedEditorAssemblies (0ms)
				RefreshPlugins (36ms)
				BeforeProcessingInitializeOnLoad (63ms)
				ProcessInitializeOnLoadAttributes (180ms)
				ProcessInitializeOnLoadMethodAttributes (11ms)
				AfterProcessingInitializeOnLoad (7ms)
				EditorAssembliesLoaded (0ms)
			ExecutionOrderSort2 (0ms)
			AwakeInstancesAfterBackupRestoration (6ms)
Platform modules already initialized, skipping
========================================================================
Worker process is ready to serve import requests
Launched and connected shader compiler UnityShaderCompiler.exe after 0.07 seconds
Refreshing native plugins compatible for Editor in 0.42 ms, found 3 plugins.
Preloading 0 native plugins for Editor in 0.00 ms.
Unloading 2090 Unused Serialized files (Serialized files now loaded: 0)
System memory in use before: 94.0 MB.
System memory in use after: 94.1 MB.

Unloading 26 unused Assets to reduce memory usage. Loaded Objects now: 2531.
Total: 3.220800 ms (FindLiveObjects: 0.196700 ms CreateObjectMapping: 0.061100 ms MarkObjects: 2.890000 ms  DeleteObjects: 0.072200 ms)

AssetImportParameters requested are different than current active one (requested -> active):
  custom:framework-win-MediaFoundation: 216162199b28c13a410421893ffa2e32 -> 
  custom:video-decoder-ogg-theora: a1e56fd34408186e4bbccfd4996cb3dc -> 
  custom:container-muxer-webm: aa71ff27fc2769a1b78a27578f13a17b -> 
  custom:container-demuxer-webm: 4f35f7cbe854078d1ac9338744f61a02 -> 
  custom:container-demuxer-ogg: 62fdf1f143b41e24485cea50d1cbac27 -> 
  custom:video-encoder-webm-vp8: eb34c28f22e8b96e1ab97ce403110664 -> 
  custom:video-decoder-webm-vp8: 9c59270c3fd7afecdb556c50c9e8de78 -> 
  custom:audio-decoder-ogg-vorbis: bf7c407c2cedff20999df2af8eb42d56 -> 
  custom:audio-encoder-webm-vorbis: bf7c407c2cedff20999df2af8eb42d56 -> 
========================================================================
Received Import Request.
  path: Assets/場景/主角-猴子.png
  artifactKey: Guid(5f25a4dce4d32d8478b4c41e7ab97a6f) Importer(815301076,1909f56bfc062723c751e8b465ee728b)
Start importing Assets/場景/主角-猴子.png using Guid(5f25a4dce4d32d8478b4c41e7ab97a6f) Importer(815301076,1909f56bfc062723c751e8b465ee728b)  -> (artifact id: 'a4d2fd21225e0d373e681b57c00441b4') in 0.141685 seconds 
  Import took 0.146219 seconds .

========================================================================
Received Import Request.
  Time since last request: 13.321516 seconds.
  path: Assets/圖片/主角-猴子 1.png
  artifactKey: Guid(5a71c20f3a3fa5944a7db68f9dd51051) Importer(815301076,1909f56bfc062723c751e8b465ee728b)
Start importing Assets/圖片/主角-猴子 1.png using Guid(5a71c20f3a3fa5944a7db68f9dd51051) Importer(815301076,1909f56bfc062723c751e8b465ee728b)  -> (artifact id: '288d69a86c8a87a528a6ef2968d9cd7e') in 0.017021 seconds 
  Import took 0.021767 seconds .

========================================================================
Received Import Request.
  Time since last request: 0.001769 seconds.
  path: Assets/圖片/主角-猴子 1.png
  artifactKey: Guid(5a71c20f3a3fa5944a7db68f9dd51051) Importer(815301076,1909f56bfc062723c751e8b465ee728b)
Start importing Assets/圖片/主角-猴子 1.png using Guid(5a71c20f3a3fa5944a7db68f9dd51051) Importer(815301076,1909f56bfc062723c751e8b465ee728b)  -> (artifact id: '288d69a86c8a87a528a6ef2968d9cd7e') in 0.011471 seconds 
  Import took 0.015330 seconds .

========================================================================
Received Import Request.
  Time since last request: 26.508596 seconds.
  path: Assets/圖片/主角-猴子放大.png
  artifactKey: Guid(35b1562b27010fa4f932c2bfa523c874) Importer(815301076,1909f56bfc062723c751e8b465ee728b)
Start importing Assets/圖片/主角-猴子放大.png using Guid(35b1562b27010fa4f932c2bfa523c874) Importer(815301076,1909f56bfc062723c751e8b465ee728b)  -> (artifact id: 'b5a830d6f8a8e474cf8e46b263e902a0') in 0.019993 seconds 
  Import took 0.026114 seconds .

========================================================================
Received Import Request.
  Time since last request: 34.556347 seconds.
  path: Assets/圖片/主角-猴子放大.png
  artifactKey: Guid(35b1562b27010fa4f932c2bfa523c874) Importer(815301076,1909f56bfc062723c751e8b465ee728b)
Start importing Assets/圖片/主角-猴子放大.png using Guid(35b1562b27010fa4f932c2bfa523c874) Importer(815301076,1909f56bfc062723c751e8b465ee728b)  -> (artifact id: '8219d1669c3529248aa4de9719f8dfb1') in 0.012319 seconds 
  Import took 0.016959 seconds .

========================================================================
Received Import Request.
  Time since last request: 34.582423 seconds.
  path: Assets/圖片/主角-猴子放大.png
  artifactKey: Guid(35b1562b27010fa4f932c2bfa523c874) Importer(815301076,1909f56bfc062723c751e8b465ee728b)
Start importing Assets/圖片/主角-猴子放大.png using Guid(35b1562b27010fa4f932c2bfa523c874) Importer(815301076,1909f56bfc062723c751e8b465ee728b)  -> (artifact id: '9c2b09ed5d5713eb4c5c436a937332c3') in 0.028451 seconds 
  Import took 0.033367 seconds .

========================================================================
Received Import Request.
  Time since last request: 0.003734 seconds.
  path: Assets/圖片/主角-猴子放大.png
  artifactKey: Guid(35b1562b27010fa4f932c2bfa523c874) Importer(815301076,1909f56bfc062723c751e8b465ee728b)
Start importing Assets/圖片/主角-猴子放大.png using Guid(35b1562b27010fa4f932c2bfa523c874) Importer(815301076,1909f56bfc062723c751e8b465ee728b)  -> (artifact id: '9c2b09ed5d5713eb4c5c436a937332c3') in 0.027912 seconds 
  Import took 0.032711 seconds .

========================================================================
Received Import Request.
  Time since last request: 38.832510 seconds.
  path: Assets/圖片/主角-猴子放大.png
  artifactKey: Guid(35b1562b27010fa4f932c2bfa523c874) Importer(815301076,1909f56bfc062723c751e8b465ee728b)
Start importing Assets/圖片/主角-猴子放大.png using Guid(35b1562b27010fa4f932c2bfa523c874) Importer(815301076,1909f56bfc062723c751e8b465ee728b)  -> (artifact id: '498766df2096285d853750cde6fd282c') in 0.033042 seconds 
  Import took 0.036612 seconds .

========================================================================
Received Import Request.
  Time since last request: 122.072586 seconds.
  path: Assets/圖片/土著放大.png
  artifactKey: Guid(d514d41d405e1f148ad9c18c5900f091) Importer(815301076,1909f56bfc062723c751e8b465ee728b)
Start importing Assets/圖片/土著放大.png using Guid(d514d41d405e1f148ad9c18c5900f091) Importer(815301076,1909f56bfc062723c751e8b465ee728b)  -> (artifact id: '32551c58c9194f42dbf539ff77e92cae') in 0.015475 seconds 
  Import took 0.020838 seconds .

========================================================================
Received Import Request.
  Time since last request: 4.918353 seconds.
  path: Assets/圖片/主角-玉米放大.png
  artifactKey: Guid(c72aa96cc59682d449678f28071a832b) Importer(815301076,1909f56bfc062723c751e8b465ee728b)
Start importing Assets/圖片/主角-玉米放大.png using Guid(c72aa96cc59682d449678f28071a832b) Importer(815301076,1909f56bfc062723c751e8b465ee728b)  -> (artifact id: '18f5442030f0c49b34c13975e7d2d113') in 0.009944 seconds 
  Import took 0.015839 seconds .

========================================================================
Received Import Request.
  Time since last request: 0.001642 seconds.
  path: Assets/圖片/主角-玉米放大.png
  artifactKey: Guid(c72aa96cc59682d449678f28071a832b) Importer(815301076,1909f56bfc062723c751e8b465ee728b)
Start importing Assets/圖片/主角-玉米放大.png using Guid(c72aa96cc59682d449678f28071a832b) Importer(815301076,1909f56bfc062723c751e8b465ee728b)  -> (artifact id: '18f5442030f0c49b34c13975e7d2d113') in 0.013649 seconds 
  Import took 0.017004 seconds .

========================================================================
Received Import Request.
  Time since last request: 1.841281 seconds.
  path: Assets/圖片/主角-咩咩全放大png.png
  artifactKey: Guid(7e95c8b60a70a3e44ab3ccbab6aa05c1) Importer(815301076,1909f56bfc062723c751e8b465ee728b)
Start importing Assets/圖片/主角-咩咩全放大png.png using Guid(7e95c8b60a70a3e44ab3ccbab6aa05c1) Importer(815301076,1909f56bfc062723c751e8b465ee728b)  -> (artifact id: '3de388b159fe60eb96082bd21c6e9cfb') in 0.016179 seconds 
  Import took 0.019738 seconds .

========================================================================
Received Import Request.
  Time since last request: 0.002798 seconds.
  path: Assets/圖片/主角-咩咩全放大png.png
  artifactKey: Guid(7e95c8b60a70a3e44ab3ccbab6aa05c1) Importer(815301076,1909f56bfc062723c751e8b465ee728b)
Start importing Assets/圖片/主角-咩咩全放大png.png using Guid(7e95c8b60a70a3e44ab3ccbab6aa05c1) Importer(815301076,1909f56bfc062723c751e8b465ee728b)  -> (artifact id: '3de388b159fe60eb96082bd21c6e9cfb') in 0.011288 seconds 
  Import took 0.015740 seconds .

========================================================================
Received Import Request.
  Time since last request: 23.321188 seconds.
  path: Assets/圖片/主角-咩咩全放大png.png
  artifactKey: Guid(7e95c8b60a70a3e44ab3ccbab6aa05c1) Importer(815301076,1909f56bfc062723c751e8b465ee728b)
Start importing Assets/圖片/主角-咩咩全放大png.png using Guid(7e95c8b60a70a3e44ab3ccbab6aa05c1) Importer(815301076,1909f56bfc062723c751e8b465ee728b)  -> (artifact id: '17753c2015a23cdd099bb9ddade7b5b6') in 0.010240 seconds 
  Import took 0.015029 seconds .

========================================================================
Received Import Request.
  Time since last request: 6.361243 seconds.
  path: Assets/圖片/主角-咩咩全放大png.png
  artifactKey: Guid(7e95c8b60a70a3e44ab3ccbab6aa05c1) Importer(815301076,1909f56bfc062723c751e8b465ee728b)
Start importing Assets/圖片/主角-咩咩全放大png.png using Guid(7e95c8b60a70a3e44ab3ccbab6aa05c1) Importer(815301076,1909f56bfc062723c751e8b465ee728b)  -> (artifact id: '9b8aa6edefe6d16c9f12d0b207e4fc62') in 0.051851 seconds 
  Import took 0.055508 seconds .

========================================================================
Received Import Request.
  Time since last request: 10.572540 seconds.
  path: Assets/圖片/主角-玉米放大.png
  artifactKey: Guid(c72aa96cc59682d449678f28071a832b) Importer(815301076,1909f56bfc062723c751e8b465ee728b)
Start importing Assets/圖片/主角-玉米放大.png using Guid(c72aa96cc59682d449678f28071a832b) Importer(815301076,1909f56bfc062723c751e8b465ee728b)  -> (artifact id: 'eea847dd1a5413c57ddb406b061f1e0b') in 0.010273 seconds 
  Import took 0.014860 seconds .

========================================================================
Received Import Request.
  Time since last request: 4.407475 seconds.
  path: Assets/圖片/主角-玉米放大.png
  artifactKey: Guid(c72aa96cc59682d449678f28071a832b) Importer(815301076,1909f56bfc062723c751e8b465ee728b)
Start importing Assets/圖片/主角-玉米放大.png using Guid(c72aa96cc59682d449678f28071a832b) Importer(815301076,1909f56bfc062723c751e8b465ee728b)  -> (artifact id: '6f4ee39cc7873ca9c03b38f53b675920') in 0.009813 seconds 
  Import took 0.015721 seconds .

========================================================================
Received Import Request.
  Time since last request: 7.325911 seconds.
  path: Assets/圖片/主角-玉米放大.png
  artifactKey: Guid(c72aa96cc59682d449678f28071a832b) Importer(815301076,1909f56bfc062723c751e8b465ee728b)
Start importing Assets/圖片/主角-玉米放大.png using Guid(c72aa96cc59682d449678f28071a832b) Importer(815301076,1909f56bfc062723c751e8b465ee728b)  -> (artifact id: '59b8a90c70ebcd4edaec8c3f52018fdc') in 0.038120 seconds 
  Import took 0.042842 seconds .

========================================================================
Received Import Request.
  Time since last request: 15.846775 seconds.
  path: Assets/圖片/土著放大.png
  artifactKey: Guid(d514d41d405e1f148ad9c18c5900f091) Importer(815301076,1909f56bfc062723c751e8b465ee728b)
Start importing Assets/圖片/土著放大.png using Guid(d514d41d405e1f148ad9c18c5900f091) Importer(815301076,1909f56bfc062723c751e8b465ee728b)  -> (artifact id: 'f710f32f0e5a8a04677dd61e9ebcdac9') in 0.012646 seconds 
  Import took 0.017457 seconds .

========================================================================
Received Import Request.
  Time since last request: 8.994415 seconds.
  path: Assets/圖片/土著放大.png
  artifactKey: Guid(d514d41d405e1f148ad9c18c5900f091) Importer(815301076,1909f56bfc062723c751e8b465ee728b)
Start importing Assets/圖片/土著放大.png using Guid(d514d41d405e1f148ad9c18c5900f091) Importer(815301076,1909f56bfc062723c751e8b465ee728b)  -> (artifact id: 'd1acd530863296a2f475197308bbe302') in 0.032785 seconds 
  Import took 0.036292 seconds .

========================================================================
Received Import Request.
  Time since last request: 100.100533 seconds.
  path: Assets/動畫/主角-猴子放大_2.controller
  artifactKey: Guid(0ffa155ae28db56429273be3991717b1) Importer(815301076,1909f56bfc062723c751e8b465ee728b)
Start importing Assets/動畫/主角-猴子放大_2.controller using Guid(0ffa155ae28db56429273be3991717b1) Importer(815301076,1909f56bfc062723c751e8b465ee728b)  -> (artifact id: '0325025333b871b639164b117883defe') in 0.011005 seconds 
  Import took 0.018499 seconds .

========================================================================
Received Import Request.
  Time since last request: 1.387579 seconds.
  path: Assets/動畫/主角-猴子放大_4.controller
  artifactKey: Guid(9147c81a4658b614689e9a9d346679f2) Importer(815301076,1909f56bfc062723c751e8b465ee728b)
Start importing Assets/動畫/主角-猴子放大_4.controller using Guid(9147c81a4658b614689e9a9d346679f2) Importer(815301076,1909f56bfc062723c751e8b465ee728b)  -> (artifact id: 'd977ca6af876f802b44a96b6181f4d6a') in 0.003225 seconds 
  Import took 0.008903 seconds .

========================================================================
Received Import Request.
  Time since last request: 0.000586 seconds.
  path: Assets/動畫/主角-猴子放大_4.controller
  artifactKey: Guid(9147c81a4658b614689e9a9d346679f2) Importer(815301076,1909f56bfc062723c751e8b465ee728b)
Start importing Assets/動畫/主角-猴子放大_4.controller using Guid(9147c81a4658b614689e9a9d346679f2) Importer(815301076,1909f56bfc062723c751e8b465ee728b)  -> (artifact id: 'd977ca6af876f802b44a96b6181f4d6a') in 0.003131 seconds 
  Import took 0.007767 seconds .

========================================================================
Received Import Request.
  Time since last request: 4.271135 seconds.
  path: Assets/動畫/猴子主角-跳躍.anim
  artifactKey: Guid(e83a7f464df00d04d868f9090f3222df) Importer(815301076,1909f56bfc062723c751e8b465ee728b)
Start importing Assets/動畫/猴子主角-跳躍.anim using Guid(e83a7f464df00d04d868f9090f3222df) Importer(815301076,1909f56bfc062723c751e8b465ee728b)  -> (artifact id: 'd8ccb7a6205b5f1a43d125d70b92f464') in 0.006123 seconds 
  Import took 0.010173 seconds .

========================================================================
Received Import Request.
  Time since last request: 0.006253 seconds.
  path: Assets/動畫/猴子主角-跳躍.anim
  artifactKey: Guid(e83a7f464df00d04d868f9090f3222df) Importer(815301076,1909f56bfc062723c751e8b465ee728b)
Start importing Assets/動畫/猴子主角-跳躍.anim using Guid(e83a7f464df00d04d868f9090f3222df) Importer(815301076,1909f56bfc062723c751e8b465ee728b)  -> (artifact id: 'd8ccb7a6205b5f1a43d125d70b92f464') in 0.003036 seconds 
  Import took 0.007060 seconds .

========================================================================
Received Import Request.
  Time since last request: 1.639773 seconds.
  path: Assets/動畫/猴子主角-走路.anim
  artifactKey: Guid(7b08f91f9a337ea4b978b5186a532b94) Importer(815301076,1909f56bfc062723c751e8b465ee728b)
Start importing Assets/動畫/猴子主角-走路.anim using Guid(7b08f91f9a337ea4b978b5186a532b94) Importer(815301076,1909f56bfc062723c751e8b465ee728b)  -> (artifact id: 'd0af4f2e7235a0f048dd190e0f3d3d49') in 0.003372 seconds 
  Import took 0.007914 seconds .

========================================================================
Received Import Request.
  Time since last request: 1.245570 seconds.
  path: Assets/動畫/猴子主角-死亡.anim
  artifactKey: Guid(3a5d2458d4debb94295af32eb7dc74ed) Importer(815301076,1909f56bfc062723c751e8b465ee728b)
Start importing Assets/動畫/猴子主角-死亡.anim using Guid(3a5d2458d4debb94295af32eb7dc74ed) Importer(815301076,1909f56bfc062723c751e8b465ee728b)  -> (artifact id: '0eaa13c5f7d9bda6e86fdea0a0afa4c7') in 0.003093 seconds 
  Import took 0.008139 seconds .

========================================================================
Received Import Request.
  Time since last request: 11.290776 seconds.
  path: Assets/動畫/主角-猴子放大_0 (1).controller
  artifactKey: Guid(161c87633fc795541b8004faae4c63d0) Importer(815301076,1909f56bfc062723c751e8b465ee728b)
Start importing Assets/動畫/主角-猴子放大_0 (1).controller using Guid(161c87633fc795541b8004faae4c63d0) Importer(815301076,1909f56bfc062723c751e8b465ee728b)  -> (artifact id: '805748d5687518928380ae7a16b143a5') in 0.003484 seconds 
  Import took 0.007181 seconds .

========================================================================
Received Prepare
Registering precompiled user dll's ...
Registered in 0.004845 seconds.
Begin MonoManager ReloadAssembly
Native extension for WindowsStandalone target not found
Native extension for WebGL target not found
Refreshing native plugins compatible for Editor in 0.46 ms, found 3 plugins.
Preloading 0 native plugins for Editor in 0.00 ms.
Mono: successfully reloaded assembly
- Completed reload, in  0.918 seconds
Domain Reload Profiling:
	ReloadAssembly (918ms)
		BeginReloadAssembly (120ms)
			ExecutionOrderSort (0ms)
			DisableScriptedObjects (5ms)
			BackupInstance (0ms)
			ReleaseScriptingObjects (0ms)
			CreateAndSetChildDomain (32ms)
		EndReloadAssembly (741ms)
			LoadAssemblies (92ms)
			RebuildTransferFunctionScriptingTraits (0ms)
			SetupTypeCache (256ms)
			ReleaseScriptCaches (1ms)
			RebuildScriptCaches (45ms)
			SetupLoadedEditorAssemblies (259ms)
				LogAssemblyErrors (0ms)
				InitializePlatformSupportModulesInManaged (5ms)
				SetLoadedEditorAssemblies (0ms)
				RefreshPlugins (1ms)
				BeforeProcessingInitializeOnLoad (57ms)
				ProcessInitializeOnLoadAttributes (184ms)
				ProcessInitializeOnLoadMethodAttributes (5ms)
				AfterProcessingInitializeOnLoad (7ms)
				EditorAssembliesLoaded (0ms)
			ExecutionOrderSort2 (0ms)
			AwakeInstancesAfterBackupRestoration (9ms)
Platform modules already initialized, skipping
Refreshing native plugins compatible for Editor in 0.41 ms, found 3 plugins.
Preloading 0 native plugins for Editor in 0.00 ms.
Unloading 2080 Unused Serialized files (Serialized files now loaded: 0)
System memory in use before: 96.5 MB.
System memory in use after: 96.6 MB.

Unloading 14 unused Assets to reduce memory usage. Loaded Objects now: 2548.
Total: 3.005600 ms (FindLiveObjects: 0.184900 ms CreateObjectMapping: 0.059200 ms MarkObjects: 2.745600 ms  DeleteObjects: 0.015300 ms)

AssetImportParameters requested are different than current active one (requested -> active):
  custom:framework-win-MediaFoundation: 216162199b28c13a410421893ffa2e32 -> 
  custom:video-decoder-ogg-theora: a1e56fd34408186e4bbccfd4996cb3dc -> 
  custom:container-muxer-webm: aa71ff27fc2769a1b78a27578f13a17b -> 
  custom:container-demuxer-webm: 4f35f7cbe854078d1ac9338744f61a02 -> 
  custom:container-demuxer-ogg: 62fdf1f143b41e24485cea50d1cbac27 -> 
  custom:video-encoder-webm-vp8: eb34c28f22e8b96e1ab97ce403110664 -> 
  custom:video-decoder-webm-vp8: 9c59270c3fd7afecdb556c50c9e8de78 -> 
  custom:audio-decoder-ogg-vorbis: bf7c407c2cedff20999df2af8eb42d56 -> 
  custom:audio-encoder-webm-vorbis: bf7c407c2cedff20999df2af8eb42d56 -> 
========================================================================
Received Import Request.
  Time since last request: 24.312215 seconds.
  path: Assets/動畫/猴子動畫.controller
  artifactKey: Guid(a6fb234007c727840b847bd79fa897ca) Importer(815301076,1909f56bfc062723c751e8b465ee728b)
Start importing Assets/動畫/猴子動畫.controller using Guid(a6fb234007c727840b847bd79fa897ca) Importer(815301076,1909f56bfc062723c751e8b465ee728b)  -> (artifact id: '6f50111d46751d1f317b31fdc371fbdb') in 0.019692 seconds 
  Import took 0.023023 seconds .

========================================================================
Received Prepare
Registering precompiled user dll's ...
Registered in 0.003581 seconds.
Begin MonoManager ReloadAssembly
Native extension for WindowsStandalone target not found
Native extension for WebGL target not found
Refreshing native plugins compatible for Editor in 0.55 ms, found 3 plugins.
Preloading 0 native plugins for Editor in 0.00 ms.
Mono: successfully reloaded assembly
- Completed reload, in  1.042 seconds
Domain Reload Profiling:
	ReloadAssembly (1042ms)
		BeginReloadAssembly (106ms)
			ExecutionOrderSort (0ms)
			DisableScriptedObjects (6ms)
			BackupInstance (0ms)
			ReleaseScriptingObjects (0ms)
			CreateAndSetChildDomain (31ms)
		EndReloadAssembly (876ms)
			LoadAssemblies (88ms)
			RebuildTransferFunctionScriptingTraits (0ms)
			SetupTypeCache (261ms)
			ReleaseScriptCaches (1ms)
			RebuildScriptCaches (52ms)
			SetupLoadedEditorAssemblies (352ms)
				LogAssemblyErrors (0ms)
				InitializePlatformSupportModulesInManaged (5ms)
				SetLoadedEditorAssemblies (0ms)
				RefreshPlugins (1ms)
				BeforeProcessingInitializeOnLoad (89ms)
				ProcessInitializeOnLoadAttributes (245ms)
				ProcessInitializeOnLoadMethodAttributes (5ms)
				AfterProcessingInitializeOnLoad (7ms)
				EditorAssembliesLoaded (0ms)
			ExecutionOrderSort2 (0ms)
			AwakeInstancesAfterBackupRestoration (10ms)
Platform modules already initialized, skipping
Refreshing native plugins compatible for Editor in 0.42 ms, found 3 plugins.
Preloading 0 native plugins for Editor in 0.00 ms.
Unloading 2080 Unused Serialized files (Serialized files now loaded: 0)
System memory in use before: 96.5 MB.
System memory in use after: 96.6 MB.

Unloading 14 unused Assets to reduce memory usage. Loaded Objects now: 2551.
Total: 3.223600 ms (FindLiveObjects: 0.189300 ms CreateObjectMapping: 0.059300 ms MarkObjects: 2.956500 ms  DeleteObjects: 0.017500 ms)

AssetImportParameters requested are different than current active one (requested -> active):
  custom:framework-win-MediaFoundation: 216162199b28c13a410421893ffa2e32 -> 
  custom:video-decoder-ogg-theora: a1e56fd34408186e4bbccfd4996cb3dc -> 
  custom:container-muxer-webm: aa71ff27fc2769a1b78a27578f13a17b -> 
  custom:container-demuxer-webm: 4f35f7cbe854078d1ac9338744f61a02 -> 
  custom:container-demuxer-ogg: 62fdf1f143b41e24485cea50d1cbac27 -> 
  custom:video-encoder-webm-vp8: eb34c28f22e8b96e1ab97ce403110664 -> 
  custom:video-decoder-webm-vp8: 9c59270c3fd7afecdb556c50c9e8de78 -> 
  custom:audio-decoder-ogg-vorbis: bf7c407c2cedff20999df2af8eb42d56 -> 
  custom:audio-encoder-webm-vorbis: bf7c407c2cedff20999df2af8eb42d56 -> 
========================================================================
Received Prepare
Registering precompiled user dll's ...
Registered in 0.004345 seconds.
Begin MonoManager ReloadAssembly
Native extension for WindowsStandalone target not found
Native extension for WebGL target not found
Refreshing native plugins compatible for Editor in 0.45 ms, found 3 plugins.
Preloading 0 native plugins for Editor in 0.00 ms.
Mono: successfully reloaded assembly
- Completed reload, in  1.164 seconds
Domain Reload Profiling:
	ReloadAssembly (1164ms)
		BeginReloadAssembly (113ms)
			ExecutionOrderSort (0ms)
			DisableScriptedObjects (5ms)
			BackupInstance (0ms)
			ReleaseScriptingObjects (0ms)
			CreateAndSetChildDomain (33ms)
		EndReloadAssembly (993ms)
			LoadAssemblies (88ms)
			RebuildTransferFunctionScriptingTraits (0ms)
			SetupTypeCache (263ms)
			ReleaseScriptCaches (2ms)
			RebuildScriptCaches (62ms)
			SetupLoadedEditorAssemblies (439ms)
				LogAssemblyErrors (0ms)
				InitializePlatformSupportModulesInManaged (6ms)
				SetLoadedEditorAssemblies (0ms)
				RefreshPlugins (1ms)
				BeforeProcessingInitializeOnLoad (112ms)
				ProcessInitializeOnLoadAttributes (304ms)
				ProcessInitializeOnLoadMethodAttributes (7ms)
				AfterProcessingInitializeOnLoad (9ms)
				EditorAssembliesLoaded (0ms)
			ExecutionOrderSort2 (0ms)
			AwakeInstancesAfterBackupRestoration (12ms)
Platform modules already initialized, skipping
Refreshing native plugins compatible for Editor in 0.46 ms, found 3 plugins.
Preloading 0 native plugins for Editor in 0.00 ms.
Unloading 2080 Unused Serialized files (Serialized files now loaded: 0)
System memory in use before: 96.5 MB.
System memory in use after: 96.7 MB.

Unloading 14 unused Assets to reduce memory usage. Loaded Objects now: 2554.
Total: 3.823200 ms (FindLiveObjects: 0.259600 ms CreateObjectMapping: 0.091400 ms MarkObjects: 3.448200 ms  DeleteObjects: 0.022600 ms)

AssetImportParameters requested are different than current active one (requested -> active):
  custom:framework-win-MediaFoundation: 216162199b28c13a410421893ffa2e32 -> 
  custom:video-decoder-ogg-theora: a1e56fd34408186e4bbccfd4996cb3dc -> 
  custom:container-muxer-webm: aa71ff27fc2769a1b78a27578f13a17b -> 
  custom:container-demuxer-webm: 4f35f7cbe854078d1ac9338744f61a02 -> 
  custom:container-demuxer-ogg: 62fdf1f143b41e24485cea50d1cbac27 -> 
  custom:video-encoder-webm-vp8: eb34c28f22e8b96e1ab97ce403110664 -> 
  custom:video-decoder-webm-vp8: 9c59270c3fd7afecdb556c50c9e8de78 -> 
  custom:audio-decoder-ogg-vorbis: bf7c407c2cedff20999df2af8eb42d56 -> 
  custom:audio-encoder-webm-vorbis: bf7c407c2cedff20999df2af8eb42d56 -> 
========================================================================
Received Prepare
Registering precompiled user dll's ...
Registered in 0.003533 seconds.
Begin MonoManager ReloadAssembly
Native extension for WindowsStandalone target not found
Native extension for WebGL target not found
Refreshing native plugins compatible for Editor in 0.80 ms, found 3 plugins.
Preloading 0 native plugins for Editor in 0.00 ms.
Mono: successfully reloaded assembly
- Completed reload, in  1.025 seconds
Domain Reload Profiling:
	ReloadAssembly (1025ms)
		BeginReloadAssembly (108ms)
			ExecutionOrderSort (0ms)
			DisableScriptedObjects (5ms)
			BackupInstance (0ms)
			ReleaseScriptingObjects (0ms)
			CreateAndSetChildDomain (31ms)
		EndReloadAssembly (860ms)
			LoadAssemblies (91ms)
			RebuildTransferFunctionScriptingTraits (0ms)
			SetupTypeCache (261ms)
			ReleaseScriptCaches (1ms)
			RebuildScriptCaches (44ms)
			SetupLoadedEditorAssemblies (355ms)
				LogAssemblyErrors (0ms)
				InitializePlatformSupportModulesInManaged (10ms)
				SetLoadedEditorAssemblies (1ms)
				RefreshPlugins (1ms)
				BeforeProcessingInitializeOnLoad (85ms)
				ProcessInitializeOnLoadAttributes (247ms)
				ProcessInitializeOnLoadMethodAttributes (5ms)
				AfterProcessingInitializeOnLoad (7ms)
				EditorAssembliesLoaded (0ms)
			ExecutionOrderSort2 (0ms)
			AwakeInstancesAfterBackupRestoration (10ms)
Platform modules already initialized, skipping
Refreshing native plugins compatible for Editor in 0.64 ms, found 3 plugins.
Preloading 0 native plugins for Editor in 0.00 ms.
Unloading 2080 Unused Serialized files (Serialized files now loaded: 0)
System memory in use before: 96.6 MB.
System memory in use after: 96.7 MB.

Unloading 14 unused Assets to reduce memory usage. Loaded Objects now: 2557.
Total: 3.253500 ms (FindLiveObjects: 0.385300 ms CreateObjectMapping: 0.124000 ms MarkObjects: 2.721300 ms  DeleteObjects: 0.021500 ms)

AssetImportParameters requested are different than current active one (requested -> active):
  custom:framework-win-MediaFoundation: 216162199b28c13a410421893ffa2e32 -> 
  custom:video-decoder-ogg-theora: a1e56fd34408186e4bbccfd4996cb3dc -> 
  custom:container-muxer-webm: aa71ff27fc2769a1b78a27578f13a17b -> 
  custom:container-demuxer-webm: 4f35f7cbe854078d1ac9338744f61a02 -> 
  custom:container-demuxer-ogg: 62fdf1f143b41e24485cea50d1cbac27 -> 
  custom:video-encoder-webm-vp8: eb34c28f22e8b96e1ab97ce403110664 -> 
  custom:video-decoder-webm-vp8: 9c59270c3fd7afecdb556c50c9e8de78 -> 
  custom:audio-decoder-ogg-vorbis: bf7c407c2cedff20999df2af8eb42d56 -> 
  custom:audio-encoder-webm-vorbis: bf7c407c2cedff20999df2af8eb42d56 -> 
========================================================================
Received Prepare
Registering precompiled user dll's ...
Registered in 0.003443 seconds.
Begin MonoManager ReloadAssembly
Native extension for WindowsStandalone target not found
Native extension for WebGL target not found
Refreshing native plugins compatible for Editor in 0.45 ms, found 3 plugins.
Preloading 0 native plugins for Editor in 0.00 ms.
Mono: successfully reloaded assembly
- Completed reload, in  1.025 seconds
Domain Reload Profiling:
	ReloadAssembly (1025ms)
		BeginReloadAssembly (119ms)
			ExecutionOrderSort (0ms)
			DisableScriptedObjects (5ms)
			BackupInstance (0ms)
			ReleaseScriptingObjects (0ms)
			CreateAndSetChildDomain (31ms)
		EndReloadAssembly (848ms)
			LoadAssemblies (86ms)
			RebuildTransferFunctionScriptingTraits (0ms)
			SetupTypeCache (258ms)
			ReleaseScriptCaches (1ms)
			RebuildScriptCaches (50ms)
			SetupLoadedEditorAssemblies (350ms)
				LogAssemblyErrors (0ms)
				InitializePlatformSupportModulesInManaged (6ms)
				SetLoadedEditorAssemblies (0ms)
				RefreshPlugins (1ms)
				BeforeProcessingInitializeOnLoad (77ms)
				ProcessInitializeOnLoadAttributes (255ms)
				ProcessInitializeOnLoadMethodAttributes (5ms)
				AfterProcessingInitializeOnLoad (7ms)
				EditorAssembliesLoaded (0ms)
			ExecutionOrderSort2 (0ms)
			AwakeInstancesAfterBackupRestoration (10ms)
Platform modules already initialized, skipping
Refreshing native plugins compatible for Editor in 0.43 ms, found 3 plugins.
Preloading 0 native plugins for Editor in 0.00 ms.
Unloading 2080 Unused Serialized files (Serialized files now loaded: 0)
System memory in use before: 96.6 MB.
System memory in use after: 96.7 MB.

Unloading 14 unused Assets to reduce memory usage. Loaded Objects now: 2560.
Total: 3.462700 ms (FindLiveObjects: 0.252500 ms CreateObjectMapping: 0.071600 ms MarkObjects: 3.115500 ms  DeleteObjects: 0.021900 ms)

AssetImportParameters requested are different than current active one (requested -> active):
  custom:framework-win-MediaFoundation: 216162199b28c13a410421893ffa2e32 -> 
  custom:video-decoder-ogg-theora: a1e56fd34408186e4bbccfd4996cb3dc -> 
  custom:container-muxer-webm: aa71ff27fc2769a1b78a27578f13a17b -> 
  custom:container-demuxer-webm: 4f35f7cbe854078d1ac9338744f61a02 -> 
  custom:container-demuxer-ogg: 62fdf1f143b41e24485cea50d1cbac27 -> 
  custom:video-encoder-webm-vp8: eb34c28f22e8b96e1ab97ce403110664 -> 
  custom:video-decoder-webm-vp8: 9c59270c3fd7afecdb556c50c9e8de78 -> 
  custom:audio-decoder-ogg-vorbis: bf7c407c2cedff20999df2af8eb42d56 -> 
  custom:audio-encoder-webm-vorbis: bf7c407c2cedff20999df2af8eb42d56 -> 
========================================================================
Received Prepare
Registering precompiled user dll's ...
Registered in 0.004218 seconds.
Begin MonoManager ReloadAssembly
Native extension for WindowsStandalone target not found
Native extension for WebGL target not found
Refreshing native plugins compatible for Editor in 0.44 ms, found 3 plugins.
Preloading 0 native plugins for Editor in 0.00 ms.
Mono: successfully reloaded assembly
- Completed reload, in  1.002 seconds
Domain Reload Profiling:
	ReloadAssembly (1003ms)
		BeginReloadAssembly (116ms)
			ExecutionOrderSort (0ms)
			DisableScriptedObjects (5ms)
			BackupInstance (0ms)
			ReleaseScriptingObjects (0ms)
			CreateAndSetChildDomain (35ms)
		EndReloadAssembly (829ms)
			LoadAssemblies (86ms)
			RebuildTransferFunctionScriptingTraits (0ms)
			SetupTypeCache (259ms)
			ReleaseScriptCaches (1ms)
			RebuildScriptCaches (43ms)
			SetupLoadedEditorAssemblies (343ms)
				LogAssemblyErrors (0ms)
				InitializePlatformSupportModulesInManaged (6ms)
				SetLoadedEditorAssemblies (1ms)
				RefreshPlugins (1ms)
				BeforeProcessingInitializeOnLoad (73ms)
				ProcessInitializeOnLoadAttributes (249ms)
				ProcessInitializeOnLoadMethodAttributes (5ms)
				AfterProcessingInitializeOnLoad (7ms)
				EditorAssembliesLoaded (0ms)
			ExecutionOrderSort2 (0ms)
			AwakeInstancesAfterBackupRestoration (10ms)
Platform modules already initialized, skipping
Refreshing native plugins compatible for Editor in 0.58 ms, found 3 plugins.
Preloading 0 native plugins for Editor in 0.00 ms.
Unloading 2080 Unused Serialized files (Serialized files now loaded: 0)
System memory in use before: 96.6 MB.
System memory in use after: 96.7 MB.

Unloading 14 unused Assets to reduce memory usage. Loaded Objects now: 2563.
Total: 3.309000 ms (FindLiveObjects: 0.226800 ms CreateObjectMapping: 0.069900 ms MarkObjects: 2.972100 ms  DeleteObjects: 0.039100 ms)

AssetImportParameters requested are different than current active one (requested -> active):
  custom:framework-win-MediaFoundation: 216162199b28c13a410421893ffa2e32 -> 
  custom:video-decoder-ogg-theora: a1e56fd34408186e4bbccfd4996cb3dc -> 
  custom:container-muxer-webm: aa71ff27fc2769a1b78a27578f13a17b -> 
  custom:container-demuxer-webm: 4f35f7cbe854078d1ac9338744f61a02 -> 
  custom:container-demuxer-ogg: 62fdf1f143b41e24485cea50d1cbac27 -> 
  custom:video-encoder-webm-vp8: eb34c28f22e8b96e1ab97ce403110664 -> 
  custom:video-decoder-webm-vp8: 9c59270c3fd7afecdb556c50c9e8de78 -> 
  custom:audio-decoder-ogg-vorbis: bf7c407c2cedff20999df2af8eb42d56 -> 
  custom:audio-encoder-webm-vorbis: bf7c407c2cedff20999df2af8eb42d56 -> 
========================================================================
Received Prepare
Registering precompiled user dll's ...
Registered in 0.003503 seconds.
Begin MonoManager ReloadAssembly
Native extension for WindowsStandalone target not found
Native extension for WebGL target not found
Refreshing native plugins compatible for Editor in 0.52 ms, found 3 plugins.
Preloading 0 native plugins for Editor in 0.00 ms.
Mono: successfully reloaded assembly
- Completed reload, in  0.994 seconds
Domain Reload Profiling:
	ReloadAssembly (994ms)
		BeginReloadAssembly (106ms)
			ExecutionOrderSort (0ms)
			DisableScriptedObjects (5ms)
			BackupInstance (0ms)
			ReleaseScriptingObjects (0ms)
			CreateAndSetChildDomain (29ms)
		EndReloadAssembly (830ms)
			LoadAssemblies (92ms)
			RebuildTransferFunctionScriptingTraits (0ms)
			SetupTypeCache (255ms)
			ReleaseScriptCaches (1ms)
			RebuildScriptCaches (46ms)
			SetupLoadedEditorAssemblies (342ms)
				LogAssemblyErrors (0ms)
				InitializePlatformSupportModulesInManaged (6ms)
				SetLoadedEditorAssemblies (0ms)
				RefreshPlugins (1ms)
				BeforeProcessingInitializeOnLoad (97ms)
				ProcessInitializeOnLoadAttributes (226ms)
				ProcessInitializeOnLoadMethodAttributes (5ms)
				AfterProcessingInitializeOnLoad (7ms)
				EditorAssembliesLoaded (0ms)
			ExecutionOrderSort2 (0ms)
			AwakeInstancesAfterBackupRestoration (9ms)
Platform modules already initialized, skipping
Refreshing native plugins compatible for Editor in 0.50 ms, found 3 plugins.
Preloading 0 native plugins for Editor in 0.00 ms.
Unloading 2080 Unused Serialized files (Serialized files now loaded: 0)
System memory in use before: 96.6 MB.
System memory in use after: 96.7 MB.

Unloading 14 unused Assets to reduce memory usage. Loaded Objects now: 2566.
Total: 3.370500 ms (FindLiveObjects: 0.218300 ms CreateObjectMapping: 0.064800 ms MarkObjects: 3.070500 ms  DeleteObjects: 0.016000 ms)

AssetImportParameters requested are different than current active one (requested -> active):
  custom:framework-win-MediaFoundation: 216162199b28c13a410421893ffa2e32 -> 
  custom:video-decoder-ogg-theora: a1e56fd34408186e4bbccfd4996cb3dc -> 
  custom:container-muxer-webm: aa71ff27fc2769a1b78a27578f13a17b -> 
  custom:container-demuxer-webm: 4f35f7cbe854078d1ac9338744f61a02 -> 
  custom:container-demuxer-ogg: 62fdf1f143b41e24485cea50d1cbac27 -> 
  custom:video-encoder-webm-vp8: eb34c28f22e8b96e1ab97ce403110664 -> 
  custom:video-decoder-webm-vp8: 9c59270c3fd7afecdb556c50c9e8de78 -> 
  custom:audio-decoder-ogg-vorbis: bf7c407c2cedff20999df2af8eb42d56 -> 
  custom:audio-encoder-webm-vorbis: bf7c407c2cedff20999df2af8eb42d56 -> 
========================================================================
Received Prepare
Registering precompiled user dll's ...
Registered in 0.003453 seconds.
Begin MonoManager ReloadAssembly
Native extension for WindowsStandalone target not found
Native extension for WebGL target not found
Refreshing native plugins compatible for Editor in 0.56 ms, found 3 plugins.
Preloading 0 native plugins for Editor in 0.00 ms.
Mono: successfully reloaded assembly
- Completed reload, in  1.075 seconds
Domain Reload Profiling:
	ReloadAssembly (1076ms)
		BeginReloadAssembly (103ms)
			ExecutionOrderSort (0ms)
			DisableScriptedObjects (6ms)
			BackupInstance (0ms)
			ReleaseScriptingObjects (0ms)
			CreateAndSetChildDomain (30ms)
		EndReloadAssembly (916ms)
			LoadAssemblies (86ms)
			RebuildTransferFunctionScriptingTraits (0ms)
			SetupTypeCache (292ms)
			ReleaseScriptCaches (1ms)
			RebuildScriptCaches (40ms)
			SetupLoadedEditorAssemblies (345ms)
				LogAssemblyErrors (0ms)
				InitializePlatformSupportModulesInManaged (13ms)
				SetLoadedEditorAssemblies (1ms)
				RefreshPlugins (1ms)
				BeforeProcessingInitializeOnLoad (108ms)
				ProcessInitializeOnLoadAttributes (205ms)
				ProcessInitializeOnLoadMethodAttributes (7ms)
				AfterProcessingInitializeOnLoad (10ms)
				EditorAssembliesLoaded (0ms)
			ExecutionOrderSort2 (0ms)
			AwakeInstancesAfterBackupRestoration (10ms)
Platform modules already initialized, skipping
Refreshing native plugins compatible for Editor in 0.44 ms, found 3 plugins.
Preloading 0 native plugins for Editor in 0.00 ms.
Unloading 2080 Unused Serialized files (Serialized files now loaded: 0)
System memory in use before: 96.6 MB.
System memory in use after: 96.7 MB.

Unloading 14 unused Assets to reduce memory usage. Loaded Objects now: 2569.
Total: 3.180200 ms (FindLiveObjects: 0.190200 ms CreateObjectMapping: 0.068700 ms MarkObjects: 2.904000 ms  DeleteObjects: 0.016500 ms)

AssetImportParameters requested are different than current active one (requested -> active):
  custom:framework-win-MediaFoundation: 216162199b28c13a410421893ffa2e32 -> 
  custom:video-decoder-ogg-theora: a1e56fd34408186e4bbccfd4996cb3dc -> 
  custom:container-muxer-webm: aa71ff27fc2769a1b78a27578f13a17b -> 
  custom:container-demuxer-webm: 4f35f7cbe854078d1ac9338744f61a02 -> 
  custom:container-demuxer-ogg: 62fdf1f143b41e24485cea50d1cbac27 -> 
  custom:video-encoder-webm-vp8: eb34c28f22e8b96e1ab97ce403110664 -> 
  custom:video-decoder-webm-vp8: 9c59270c3fd7afecdb556c50c9e8de78 -> 
  custom:audio-decoder-ogg-vorbis: bf7c407c2cedff20999df2af8eb42d56 -> 
  custom:audio-encoder-webm-vorbis: bf7c407c2cedff20999df2af8eb42d56 -> 
========================================================================
Received Prepare
Registering precompiled user dll's ...
Registered in 0.003406 seconds.
Begin MonoManager ReloadAssembly
Native extension for WindowsStandalone target not found
Native extension for WebGL target not found
Refreshing native plugins compatible for Editor in 0.55 ms, found 3 plugins.
Preloading 0 native plugins for Editor in 0.00 ms.
Mono: successfully reloaded assembly
- Completed reload, in  1.036 seconds
Domain Reload Profiling:
	ReloadAssembly (1037ms)
		BeginReloadAssembly (103ms)
			ExecutionOrderSort (0ms)
			DisableScriptedObjects (6ms)
			BackupInstance (0ms)
			ReleaseScriptingObjects (0ms)
			CreateAndSetChildDomain (28ms)
		EndReloadAssembly (875ms)
			LoadAssemblies (87ms)
			RebuildTransferFunctionScriptingTraits (0ms)
			SetupTypeCache (254ms)
			ReleaseScriptCaches (1ms)
			RebuildScriptCaches (39ms)
			SetupLoadedEditorAssemblies (398ms)
				LogAssemblyErrors (0ms)
				InitializePlatformSupportModulesInManaged (8ms)
				SetLoadedEditorAssemblies (0ms)
				RefreshPlugins (1ms)
				BeforeProcessingInitializeOnLoad (129ms)
				ProcessInitializeOnLoadAttributes (247ms)
				ProcessInitializeOnLoadMethodAttributes (6ms)
				AfterProcessingInitializeOnLoad (7ms)
				EditorAssembliesLoaded (0ms)
			ExecutionOrderSort2 (0ms)
			AwakeInstancesAfterBackupRestoration (10ms)
Platform modules already initialized, skipping
Refreshing native plugins compatible for Editor in 0.41 ms, found 3 plugins.
Preloading 0 native plugins for Editor in 0.00 ms.
Unloading 2080 Unused Serialized files (Serialized files now loaded: 0)
System memory in use before: 96.6 MB.
System memory in use after: 96.7 MB.

Unloading 14 unused Assets to reduce memory usage. Loaded Objects now: 2572.
Total: 7.819100 ms (FindLiveObjects: 0.397800 ms CreateObjectMapping: 0.178200 ms MarkObjects: 7.200500 ms  DeleteObjects: 0.040400 ms)

AssetImportParameters requested are different than current active one (requested -> active):
  custom:framework-win-MediaFoundation: 216162199b28c13a410421893ffa2e32 -> 
  custom:video-decoder-ogg-theora: a1e56fd34408186e4bbccfd4996cb3dc -> 
  custom:container-muxer-webm: aa71ff27fc2769a1b78a27578f13a17b -> 
  custom:container-demuxer-webm: 4f35f7cbe854078d1ac9338744f61a02 -> 
  custom:container-demuxer-ogg: 62fdf1f143b41e24485cea50d1cbac27 -> 
  custom:video-encoder-webm-vp8: eb34c28f22e8b96e1ab97ce403110664 -> 
  custom:video-decoder-webm-vp8: 9c59270c3fd7afecdb556c50c9e8de78 -> 
  custom:audio-decoder-ogg-vorbis: bf7c407c2cedff20999df2af8eb42d56 -> 
  custom:audio-encoder-webm-vorbis: bf7c407c2cedff20999df2af8eb42d56 -> 
========================================================================
Received Prepare
Registering precompiled user dll's ...
Registered in 0.003655 seconds.
Begin MonoManager ReloadAssembly
Native extension for WindowsStandalone target not found
Native extension for WebGL target not found
Refreshing native plugins compatible for Editor in 0.47 ms, found 3 plugins.
Preloading 0 native plugins for Editor in 0.00 ms.
Mono: successfully reloaded assembly
- Completed reload, in  1.174 seconds
Domain Reload Profiling:
	ReloadAssembly (1174ms)
		BeginReloadAssembly (108ms)
			ExecutionOrderSort (0ms)
			DisableScriptedObjects (5ms)
			BackupInstance (0ms)
			ReleaseScriptingObjects (0ms)
			CreateAndSetChildDomain (29ms)
		EndReloadAssembly (1010ms)
			LoadAssemblies (87ms)
			RebuildTransferFunctionScriptingTraits (0ms)
			SetupTypeCache (269ms)
			ReleaseScriptCaches (1ms)
			RebuildScriptCaches (44ms)
			SetupLoadedEditorAssemblies (462ms)
				LogAssemblyErrors (0ms)
				InitializePlatformSupportModulesInManaged (6ms)
				SetLoadedEditorAssemblies (1ms)
				RefreshPlugins (1ms)
				BeforeProcessingInitializeOnLoad (128ms)
				ProcessInitializeOnLoadAttributes (313ms)
				ProcessInitializeOnLoadMethodAttributes (6ms)
				AfterProcessingInitializeOnLoad (9ms)
				EditorAssembliesLoaded (0ms)
			ExecutionOrderSort2 (0ms)
			AwakeInstancesAfterBackupRestoration (10ms)
Platform modules already initialized, skipping
Refreshing native plugins compatible for Editor in 0.45 ms, found 3 plugins.
Preloading 0 native plugins for Editor in 0.00 ms.
Unloading 2080 Unused Serialized files (Serialized files now loaded: 0)
System memory in use before: 96.6 MB.
System memory in use after: 96.7 MB.

Unloading 14 unused Assets to reduce memory usage. Loaded Objects now: 2575.
Total: 3.348400 ms (FindLiveObjects: 0.196300 ms CreateObjectMapping: 0.070400 ms MarkObjects: 3.059000 ms  DeleteObjects: 0.021900 ms)

AssetImportParameters requested are different than current active one (requested -> active):
  custom:framework-win-MediaFoundation: 216162199b28c13a410421893ffa2e32 -> 
  custom:video-decoder-ogg-theora: a1e56fd34408186e4bbccfd4996cb3dc -> 
  custom:container-muxer-webm: aa71ff27fc2769a1b78a27578f13a17b -> 
  custom:container-demuxer-webm: 4f35f7cbe854078d1ac9338744f61a02 -> 
  custom:container-demuxer-ogg: 62fdf1f143b41e24485cea50d1cbac27 -> 
  custom:video-encoder-webm-vp8: eb34c28f22e8b96e1ab97ce403110664 -> 
  custom:video-decoder-webm-vp8: 9c59270c3fd7afecdb556c50c9e8de78 -> 
  custom:audio-decoder-ogg-vorbis: bf7c407c2cedff20999df2af8eb42d56 -> 
  custom:audio-encoder-webm-vorbis: bf7c407c2cedff20999df2af8eb42d56 -> 
========================================================================
Received Prepare
Registering precompiled user dll's ...
Registered in 0.005492 seconds.
Begin MonoManager ReloadAssembly
Native extension for WindowsStandalone target not found
Native extension for WebGL target not found
Refreshing native plugins compatible for Editor in 0.43 ms, found 3 plugins.
Preloading 0 native plugins for Editor in 0.00 ms.
Mono: successfully reloaded assembly
- Completed reload, in  1.176 seconds
Domain Reload Profiling:
	ReloadAssembly (1177ms)
		BeginReloadAssembly (132ms)
			ExecutionOrderSort (0ms)
			DisableScriptedObjects (6ms)
			BackupInstance (0ms)
			ReleaseScriptingObjects (0ms)
			CreateAndSetChildDomain (44ms)
		EndReloadAssembly (972ms)
			LoadAssemblies (108ms)
			RebuildTransferFunctionScriptingTraits (0ms)
			SetupTypeCache (429ms)
			ReleaseScriptCaches (2ms)
			RebuildScriptCaches (57ms)
			SetupLoadedEditorAssemblies (268ms)
				LogAssemblyErrors (0ms)
				InitializePlatformSupportModulesInManaged (5ms)
				SetLoadedEditorAssemblies (0ms)
				RefreshPlugins (0ms)
				BeforeProcessingInitializeOnLoad (59ms)
				ProcessInitializeOnLoadAttributes (192ms)
				ProcessInitializeOnLoadMethodAttributes (5ms)
				AfterProcessingInitializeOnLoad (7ms)
				EditorAssembliesLoaded (0ms)
			ExecutionOrderSort2 (0ms)
			AwakeInstancesAfterBackupRestoration (9ms)
Platform modules already initialized, skipping
Refreshing native plugins compatible for Editor in 0.45 ms, found 3 plugins.
Preloading 0 native plugins for Editor in 0.00 ms.
Unloading 2080 Unused Serialized files (Serialized files now loaded: 0)
System memory in use before: 96.6 MB.
System memory in use after: 96.7 MB.

Unloading 14 unused Assets to reduce memory usage. Loaded Objects now: 2578.
Total: 3.187700 ms (FindLiveObjects: 0.203900 ms CreateObjectMapping: 0.060800 ms MarkObjects: 2.907400 ms  DeleteObjects: 0.015100 ms)

AssetImportParameters requested are different than current active one (requested -> active):
  custom:framework-win-MediaFoundation: 216162199b28c13a410421893ffa2e32 -> 
  custom:video-decoder-ogg-theora: a1e56fd34408186e4bbccfd4996cb3dc -> 
  custom:container-muxer-webm: aa71ff27fc2769a1b78a27578f13a17b -> 
  custom:container-demuxer-webm: 4f35f7cbe854078d1ac9338744f61a02 -> 
  custom:container-demuxer-ogg: 62fdf1f143b41e24485cea50d1cbac27 -> 
  custom:video-encoder-webm-vp8: eb34c28f22e8b96e1ab97ce403110664 -> 
  custom:video-decoder-webm-vp8: 9c59270c3fd7afecdb556c50c9e8de78 -> 
  custom:audio-decoder-ogg-vorbis: bf7c407c2cedff20999df2af8eb42d56 -> 
  custom:audio-encoder-webm-vorbis: bf7c407c2cedff20999df2af8eb42d56 -> 
========================================================================
Received Prepare
Registering precompiled user dll's ...
Registered in 0.003470 seconds.
Begin MonoManager ReloadAssembly
Native extension for WindowsStandalone target not found
Native extension for WebGL target not found
Refreshing native plugins compatible for Editor in 0.46 ms, found 3 plugins.
Preloading 0 native plugins for Editor in 0.00 ms.
Mono: successfully reloaded assembly
- Completed reload, in  1.068 seconds
Domain Reload Profiling:
	ReloadAssembly (1068ms)
		BeginReloadAssembly (113ms)
			ExecutionOrderSort (0ms)
			DisableScriptedObjects (5ms)
			BackupInstance (0ms)
			ReleaseScriptingObjects (0ms)
			CreateAndSetChildDomain (31ms)
		EndReloadAssembly (898ms)
			LoadAssemblies (91ms)
			RebuildTransferFunctionScriptingTraits (0ms)
			SetupTypeCache (242ms)
			ReleaseScriptCaches (1ms)
			RebuildScriptCaches (46ms)
			SetupLoadedEditorAssemblies (409ms)
				LogAssemblyErrors (0ms)
				InitializePlatformSupportModulesInManaged (6ms)
				SetLoadedEditorAssemblies (1ms)
				RefreshPlugins (1ms)
				BeforeProcessingInitializeOnLoad (113ms)
				ProcessInitializeOnLoadAttributes (277ms)
				ProcessInitializeOnLoadMethodAttributes (5ms)
				AfterProcessingInitializeOnLoad (7ms)
				EditorAssembliesLoaded (0ms)
			ExecutionOrderSort2 (0ms)
			AwakeInstancesAfterBackupRestoration (9ms)
Platform modules already initialized, skipping
Refreshing native plugins compatible for Editor in 0.41 ms, found 3 plugins.
Preloading 0 native plugins for Editor in 0.00 ms.
Unloading 2080 Unused Serialized files (Serialized files now loaded: 0)
System memory in use before: 96.6 MB.
System memory in use after: 96.8 MB.

Unloading 14 unused Assets to reduce memory usage. Loaded Objects now: 2581.
Total: 3.907300 ms (FindLiveObjects: 0.195700 ms CreateObjectMapping: 0.063500 ms MarkObjects: 3.630000 ms  DeleteObjects: 0.017300 ms)

AssetImportParameters requested are different than current active one (requested -> active):
  custom:framework-win-MediaFoundation: 216162199b28c13a410421893ffa2e32 -> 
  custom:video-decoder-ogg-theora: a1e56fd34408186e4bbccfd4996cb3dc -> 
  custom:container-muxer-webm: aa71ff27fc2769a1b78a27578f13a17b -> 
  custom:container-demuxer-webm: 4f35f7cbe854078d1ac9338744f61a02 -> 
  custom:container-demuxer-ogg: 62fdf1f143b41e24485cea50d1cbac27 -> 
  custom:video-encoder-webm-vp8: eb34c28f22e8b96e1ab97ce403110664 -> 
  custom:video-decoder-webm-vp8: 9c59270c3fd7afecdb556c50c9e8de78 -> 
  custom:audio-decoder-ogg-vorbis: bf7c407c2cedff20999df2af8eb42d56 -> 
  custom:audio-encoder-webm-vorbis: bf7c407c2cedff20999df2af8eb42d56 -> 
========================================================================
Received Prepare
Registering precompiled user dll's ...
Registered in 0.003674 seconds.
Begin MonoManager ReloadAssembly
Native extension for WindowsStandalone target not found
Native extension for WebGL target not found
Refreshing native plugins compatible for Editor in 0.77 ms, found 3 plugins.
Preloading 0 native plugins for Editor in 0.00 ms.
Mono: successfully reloaded assembly
- Completed reload, in  1.107 seconds
Domain Reload Profiling:
	ReloadAssembly (1107ms)
		BeginReloadAssembly (110ms)
			ExecutionOrderSort (0ms)
			DisableScriptedObjects (5ms)
			BackupInstance (0ms)
			ReleaseScriptingObjects (0ms)
			CreateAndSetChildDomain (28ms)
		EndReloadAssembly (938ms)
			LoadAssemblies (97ms)
			RebuildTransferFunctionScriptingTraits (0ms)
			SetupTypeCache (271ms)
			ReleaseScriptCaches (1ms)
			RebuildScriptCaches (42ms)
			SetupLoadedEditorAssemblies (410ms)
				LogAssemblyErrors (0ms)
				InitializePlatformSupportModulesInManaged (5ms)
				SetLoadedEditorAssemblies (1ms)
				RefreshPlugins (1ms)
				BeforeProcessingInitializeOnLoad (123ms)
				ProcessInitializeOnLoadAttributes (268ms)
				ProcessInitializeOnLoadMethodAttributes (5ms)
				AfterProcessingInitializeOnLoad (7ms)
				EditorAssembliesLoaded (0ms)
			ExecutionOrderSort2 (0ms)
			AwakeInstancesAfterBackupRestoration (9ms)
Platform modules already initialized, skipping
Refreshing native plugins compatible for Editor in 0.43 ms, found 3 plugins.
Preloading 0 native plugins for Editor in 0.00 ms.
Unloading 2080 Unused Serialized files (Serialized files now loaded: 0)
System memory in use before: 96.6 MB.
System memory in use after: 96.8 MB.

Unloading 14 unused Assets to reduce memory usage. Loaded Objects now: 2584.
Total: 3.035300 ms (FindLiveObjects: 0.178400 ms CreateObjectMapping: 0.070200 ms MarkObjects: 2.770600 ms  DeleteObjects: 0.015500 ms)

AssetImportParameters requested are different than current active one (requested -> active):
  custom:framework-win-MediaFoundation: 216162199b28c13a410421893ffa2e32 -> 
  custom:video-decoder-ogg-theora: a1e56fd34408186e4bbccfd4996cb3dc -> 
  custom:container-muxer-webm: aa71ff27fc2769a1b78a27578f13a17b -> 
  custom:container-demuxer-webm: 4f35f7cbe854078d1ac9338744f61a02 -> 
  custom:container-demuxer-ogg: 62fdf1f143b41e24485cea50d1cbac27 -> 
  custom:video-encoder-webm-vp8: eb34c28f22e8b96e1ab97ce403110664 -> 
  custom:video-decoder-webm-vp8: 9c59270c3fd7afecdb556c50c9e8de78 -> 
  custom:audio-decoder-ogg-vorbis: bf7c407c2cedff20999df2af8eb42d56 -> 
  custom:audio-encoder-webm-vorbis: bf7c407c2cedff20999df2af8eb42d56 -> 
========================================================================
Received Prepare
Registering precompiled user dll's ...
Registered in 0.003541 seconds.
Begin MonoManager ReloadAssembly
Native extension for WindowsStandalone target not found
Native extension for WebGL target not found
Refreshing native plugins compatible for Editor in 0.42 ms, found 3 plugins.
Preloading 0 native plugins for Editor in 0.00 ms.
Mono: successfully reloaded assembly
- Completed reload, in  1.058 seconds
Domain Reload Profiling:
	ReloadAssembly (1059ms)
		BeginReloadAssembly (106ms)
			ExecutionOrderSort (0ms)
			DisableScriptedObjects (5ms)
			BackupInstance (0ms)
			ReleaseScriptingObjects (0ms)
			CreateAndSetChildDomain (29ms)
		EndReloadAssembly (889ms)
			LoadAssemblies (86ms)
			RebuildTransferFunctionScriptingTraits (0ms)
			SetupTypeCache (246ms)
			ReleaseScriptCaches (1ms)
			RebuildScriptCaches (39ms)
			SetupLoadedEditorAssemblies (422ms)
				LogAssemblyErrors (0ms)
				InitializePlatformSupportModulesInManaged (6ms)
				SetLoadedEditorAssemblies (0ms)
				RefreshPlugins (0ms)
				BeforeProcessingInitializeOnLoad (130ms)
				ProcessInitializeOnLoadAttributes (274ms)
				ProcessInitializeOnLoadMethodAttributes (5ms)
				AfterProcessingInitializeOnLoad (7ms)
				EditorAssembliesLoaded (0ms)
			ExecutionOrderSort2 (0ms)
			AwakeInstancesAfterBackupRestoration (9ms)
Platform modules already initialized, skipping
Refreshing native plugins compatible for Editor in 0.41 ms, found 3 plugins.
Preloading 0 native plugins for Editor in 0.00 ms.
Unloading 2080 Unused Serialized files (Serialized files now loaded: 0)
System memory in use before: 96.6 MB.
System memory in use after: 96.8 MB.

Unloading 14 unused Assets to reduce memory usage. Loaded Objects now: 2587.
Total: 3.302800 ms (FindLiveObjects: 0.215700 ms CreateObjectMapping: 0.062300 ms MarkObjects: 3.007800 ms  DeleteObjects: 0.016200 ms)

AssetImportParameters requested are different than current active one (requested -> active):
  custom:framework-win-MediaFoundation: 216162199b28c13a410421893ffa2e32 -> 
  custom:video-decoder-ogg-theora: a1e56fd34408186e4bbccfd4996cb3dc -> 
  custom:container-muxer-webm: aa71ff27fc2769a1b78a27578f13a17b -> 
  custom:container-demuxer-webm: 4f35f7cbe854078d1ac9338744f61a02 -> 
  custom:container-demuxer-ogg: 62fdf1f143b41e24485cea50d1cbac27 -> 
  custom:video-encoder-webm-vp8: eb34c28f22e8b96e1ab97ce403110664 -> 
  custom:video-decoder-webm-vp8: 9c59270c3fd7afecdb556c50c9e8de78 -> 
  custom:audio-decoder-ogg-vorbis: bf7c407c2cedff20999df2af8eb42d56 -> 
  custom:audio-encoder-webm-vorbis: bf7c407c2cedff20999df2af8eb42d56 -> 
========================================================================
Received Import Request.
  Time since last request: 1038.296247 seconds.
  path: Assets/動畫/主角-咩咩全放大png_0 (1).controller
  artifactKey: Guid(c86fdaf994f30894caae1508cff02523) Importer(815301076,1909f56bfc062723c751e8b465ee728b)
Start importing Assets/動畫/主角-咩咩全放大png_0 (1).controller using Guid(c86fdaf994f30894caae1508cff02523) Importer(815301076,1909f56bfc062723c751e8b465ee728b)  -> (artifact id: '9dc290aa99eebbfe7830d4bd2a309ad9') in 0.022062 seconds 
  Import took 0.027999 seconds .

========================================================================
Received Prepare
Registering precompiled user dll's ...
Registered in 0.003620 seconds.
Begin MonoManager ReloadAssembly
Native extension for WindowsStandalone target not found
Native extension for WebGL target not found
Refreshing native plugins compatible for Editor in 0.42 ms, found 3 plugins.
Preloading 0 native plugins for Editor in 0.00 ms.
Mono: successfully reloaded assembly
- Completed reload, in  0.996 seconds
Domain Reload Profiling:
	ReloadAssembly (996ms)
		BeginReloadAssembly (137ms)
			ExecutionOrderSort (0ms)
			DisableScriptedObjects (5ms)
			BackupInstance (0ms)
			ReleaseScriptingObjects (0ms)
			CreateAndSetChildDomain (30ms)
		EndReloadAssembly (739ms)
			LoadAssemblies (121ms)
			RebuildTransferFunctionScriptingTraits (0ms)
			SetupTypeCache (249ms)
			ReleaseScriptCaches (1ms)
			RebuildScriptCaches (40ms)
			SetupLoadedEditorAssemblies (263ms)
				LogAssemblyErrors (0ms)
				InitializePlatformSupportModulesInManaged (6ms)
				SetLoadedEditorAssemblies (0ms)
				RefreshPlugins (0ms)
				BeforeProcessingInitializeOnLoad (57ms)
				ProcessInitializeOnLoadAttributes (187ms)
				ProcessInitializeOnLoadMethodAttributes (5ms)
				AfterProcessingInitializeOnLoad (7ms)
				EditorAssembliesLoaded (0ms)
			ExecutionOrderSort2 (0ms)
			AwakeInstancesAfterBackupRestoration (9ms)
Platform modules already initialized, skipping
Refreshing native plugins compatible for Editor in 0.41 ms, found 3 plugins.
Preloading 0 native plugins for Editor in 0.00 ms.
Unloading 2080 Unused Serialized files (Serialized files now loaded: 0)
System memory in use before: 96.7 MB.
System memory in use after: 96.8 MB.

Unloading 14 unused Assets to reduce memory usage. Loaded Objects now: 2590.
Total: 3.112300 ms (FindLiveObjects: 0.186500 ms CreateObjectMapping: 0.059200 ms MarkObjects: 2.850800 ms  DeleteObjects: 0.015100 ms)

AssetImportParameters requested are different than current active one (requested -> active):
  custom:framework-win-MediaFoundation: 216162199b28c13a410421893ffa2e32 -> 
  custom:video-decoder-ogg-theora: a1e56fd34408186e4bbccfd4996cb3dc -> 
  custom:container-muxer-webm: aa71ff27fc2769a1b78a27578f13a17b -> 
  custom:container-demuxer-webm: 4f35f7cbe854078d1ac9338744f61a02 -> 
  custom:container-demuxer-ogg: 62fdf1f143b41e24485cea50d1cbac27 -> 
  custom:video-encoder-webm-vp8: eb34c28f22e8b96e1ab97ce403110664 -> 
  custom:video-decoder-webm-vp8: 9c59270c3fd7afecdb556c50c9e8de78 -> 
  custom:audio-decoder-ogg-vorbis: bf7c407c2cedff20999df2af8eb42d56 -> 
  custom:audio-encoder-webm-vorbis: bf7c407c2cedff20999df2af8eb42d56 -> 
========================================================================
Received Import Request.
  Time since last request: 87.895215 seconds.
  path: Assets/動畫/咩咩主角.controller
  artifactKey: Guid(63bf599b2fee06f4fb6ff186e652c1f9) Importer(815301076,1909f56bfc062723c751e8b465ee728b)
Start importing Assets/動畫/咩咩主角.controller using Guid(63bf599b2fee06f4fb6ff186e652c1f9) Importer(815301076,1909f56bfc062723c751e8b465ee728b)  -> (artifact id: '013e71bc53f1130fcc5e5d8401cc0d4b') in 0.019537 seconds 
  Import took 0.024690 seconds .

========================================================================
Received Import Request.
  Time since last request: 17.130407 seconds.
  path: Assets/動畫/咩咩主角-死亡.anim
  artifactKey: Guid(1cb02d4fd102a4849a9c3097e28ff642) Importer(815301076,1909f56bfc062723c751e8b465ee728b)
Start importing Assets/動畫/咩咩主角-死亡.anim using Guid(1cb02d4fd102a4849a9c3097e28ff642) Importer(815301076,1909f56bfc062723c751e8b465ee728b)  -> (artifact id: 'a15d569d69def8eb035e109404abdfc9') in 0.004260 seconds 
  Import took 0.010299 seconds .

========================================================================
Received Import Request.
  Time since last request: 1.116473 seconds.
  path: Assets/動畫/咩咩主角-跳躍.anim
  artifactKey: Guid(7930fc9ce8fc6e844af246ef0c62d80a) Importer(815301076,1909f56bfc062723c751e8b465ee728b)
Start importing Assets/動畫/咩咩主角-跳躍.anim using Guid(7930fc9ce8fc6e844af246ef0c62d80a) Importer(815301076,1909f56bfc062723c751e8b465ee728b)  -> (artifact id: '45d4fd39f0c83cf40bd48750295cf788') in 0.002909 seconds 
  Import took 0.008223 seconds .

========================================================================
Received Import Request.
  Time since last request: 0.552246 seconds.
  path: Assets/動畫/咩咩主角-走路.anim
  artifactKey: Guid(4b4948ba768057943a68cdd8cb1493c5) Importer(815301076,1909f56bfc062723c751e8b465ee728b)
Start importing Assets/動畫/咩咩主角-走路.anim using Guid(4b4948ba768057943a68cdd8cb1493c5) Importer(815301076,1909f56bfc062723c751e8b465ee728b)  -> (artifact id: 'eed2bc4c6a919354bbd0daffe278ea18') in 0.005133 seconds 
  Import took 0.009239 seconds .

========================================================================
Received Import Request.
  Time since last request: 0.691190 seconds.
  path: Assets/動畫/咩咩主角-等待.anim
  artifactKey: Guid(b1636b792b58fca42adbcc692c1f7d86) Importer(815301076,1909f56bfc062723c751e8b465ee728b)
Start importing Assets/動畫/咩咩主角-等待.anim using Guid(b1636b792b58fca42adbcc692c1f7d86) Importer(815301076,1909f56bfc062723c751e8b465ee728b)  -> (artifact id: '8951a2a4e67a6dac22993f44242910cd') in 0.006145 seconds 
  Import took 0.010781 seconds .

========================================================================
Received Import Request.
  Time since last request: 0.005015 seconds.
  path: Assets/動畫/咩咩主角-等待.anim
  artifactKey: Guid(b1636b792b58fca42adbcc692c1f7d86) Importer(815301076,1909f56bfc062723c751e8b465ee728b)
Start importing Assets/動畫/咩咩主角-等待.anim using Guid(b1636b792b58fca42adbcc692c1f7d86) Importer(815301076,1909f56bfc062723c751e8b465ee728b)  -> (artifact id: '8951a2a4e67a6dac22993f44242910cd') in 0.003236 seconds 
  Import took 0.007047 seconds .

========================================================================
Received Prepare
Registering precompiled user dll's ...
Registered in 0.003757 seconds.
Begin MonoManager ReloadAssembly
Native extension for WindowsStandalone target not found
Native extension for WebGL target not found
Refreshing native plugins compatible for Editor in 0.43 ms, found 3 plugins.
Preloading 0 native plugins for Editor in 0.00 ms.
Mono: successfully reloaded assembly
- Completed reload, in  0.977 seconds
Domain Reload Profiling:
	ReloadAssembly (978ms)
		BeginReloadAssembly (112ms)
			ExecutionOrderSort (0ms)
			DisableScriptedObjects (6ms)
			BackupInstance (0ms)
			ReleaseScriptingObjects (0ms)
			CreateAndSetChildDomain (30ms)
		EndReloadAssembly (808ms)
			LoadAssemblies (94ms)
			RebuildTransferFunctionScriptingTraits (0ms)
			SetupTypeCache (244ms)
			ReleaseScriptCaches (1ms)
			RebuildScriptCaches (40ms)
			SetupLoadedEditorAssemblies (340ms)
				LogAssemblyErrors (0ms)
				InitializePlatformSupportModulesInManaged (5ms)
				SetLoadedEditorAssemblies (0ms)
				RefreshPlugins (0ms)
				BeforeProcessingInitializeOnLoad (82ms)
				ProcessInitializeOnLoadAttributes (238ms)
				ProcessInitializeOnLoadMethodAttributes (6ms)
				AfterProcessingInitializeOnLoad (7ms)
				EditorAssembliesLoaded (0ms)
			ExecutionOrderSort2 (0ms)
			AwakeInstancesAfterBackupRestoration (10ms)
Platform modules already initialized, skipping
Refreshing native plugins compatible for Editor in 0.46 ms, found 3 plugins.
Preloading 0 native plugins for Editor in 0.00 ms.
Unloading 2080 Unused Serialized files (Serialized files now loaded: 0)
System memory in use before: 96.7 MB.
System memory in use after: 96.8 MB.

Unloading 14 unused Assets to reduce memory usage. Loaded Objects now: 2593.
Total: 3.366300 ms (FindLiveObjects: 0.181300 ms CreateObjectMapping: 0.070500 ms MarkObjects: 3.097000 ms  DeleteObjects: 0.016500 ms)

AssetImportParameters requested are different than current active one (requested -> active):
  custom:framework-win-MediaFoundation: 216162199b28c13a410421893ffa2e32 -> 
  custom:video-decoder-ogg-theora: a1e56fd34408186e4bbccfd4996cb3dc -> 
  custom:container-muxer-webm: aa71ff27fc2769a1b78a27578f13a17b -> 
  custom:container-demuxer-webm: 4f35f7cbe854078d1ac9338744f61a02 -> 
  custom:container-demuxer-ogg: 62fdf1f143b41e24485cea50d1cbac27 -> 
  custom:video-encoder-webm-vp8: eb34c28f22e8b96e1ab97ce403110664 -> 
  custom:video-decoder-webm-vp8: 9c59270c3fd7afecdb556c50c9e8de78 -> 
  custom:audio-decoder-ogg-vorbis: bf7c407c2cedff20999df2af8eb42d56 -> 
  custom:audio-encoder-webm-vorbis: bf7c407c2cedff20999df2af8eb42d56 -> 
========================================================================
Received Import Request.
  Time since last request: 352.932916 seconds.
  path: Assets/動畫/主角-玉米放大_0 (1).controller
  artifactKey: Guid(6d5b51757de6b324abb30e4a36f00f3c) Importer(815301076,1909f56bfc062723c751e8b465ee728b)
Start importing Assets/動畫/主角-玉米放大_0 (1).controller using Guid(6d5b51757de6b324abb30e4a36f00f3c) Importer(815301076,1909f56bfc062723c751e8b465ee728b)  -> (artifact id: '4d8b513aa423573cdc1a4259b8b1c944') in 0.015670 seconds 
  Import took 0.021220 seconds .

========================================================================
Received Prepare
Registering precompiled user dll's ...
Registered in 0.003760 seconds.
Begin MonoManager ReloadAssembly
Native extension for WindowsStandalone target not found
Native extension for WebGL target not found
Refreshing native plugins compatible for Editor in 0.47 ms, found 3 plugins.
Preloading 0 native plugins for Editor in 0.00 ms.
Mono: successfully reloaded assembly
- Completed reload, in  0.880 seconds
Domain Reload Profiling:
	ReloadAssembly (880ms)
		BeginReloadAssembly (109ms)
			ExecutionOrderSort (0ms)
			DisableScriptedObjects (5ms)
			BackupInstance (0ms)
			ReleaseScriptingObjects (0ms)
			CreateAndSetChildDomain (28ms)
		EndReloadAssembly (714ms)
			LoadAssemblies (85ms)
			RebuildTransferFunctionScriptingTraits (0ms)
			SetupTypeCache (243ms)
			ReleaseScriptCaches (1ms)
			RebuildScriptCaches (40ms)
			SetupLoadedEditorAssemblies (252ms)
				LogAssemblyErrors (0ms)
				InitializePlatformSupportModulesInManaged (5ms)
				SetLoadedEditorAssemblies (0ms)
				RefreshPlugins (1ms)
				BeforeProcessingInitializeOnLoad (56ms)
				ProcessInitializeOnLoadAttributes (178ms)
				ProcessInitializeOnLoadMethodAttributes (4ms)
				AfterProcessingInitializeOnLoad (7ms)
				EditorAssembliesLoaded (0ms)
			ExecutionOrderSort2 (0ms)
			AwakeInstancesAfterBackupRestoration (10ms)
Platform modules already initialized, skipping
Refreshing native plugins compatible for Editor in 0.41 ms, found 3 plugins.
Preloading 0 native plugins for Editor in 0.00 ms.
Unloading 2080 Unused Serialized files (Serialized files now loaded: 0)
System memory in use before: 96.7 MB.
System memory in use after: 96.8 MB.

Unloading 14 unused Assets to reduce memory usage. Loaded Objects now: 2596.
Total: 2.772300 ms (FindLiveObjects: 0.214700 ms CreateObjectMapping: 0.070400 ms MarkObjects: 2.472600 ms  DeleteObjects: 0.013800 ms)

AssetImportParameters requested are different than current active one (requested -> active):
  custom:framework-win-MediaFoundation: 216162199b28c13a410421893ffa2e32 -> 
  custom:video-decoder-ogg-theora: a1e56fd34408186e4bbccfd4996cb3dc -> 
  custom:container-muxer-webm: aa71ff27fc2769a1b78a27578f13a17b -> 
  custom:container-demuxer-webm: 4f35f7cbe854078d1ac9338744f61a02 -> 
  custom:container-demuxer-ogg: 62fdf1f143b41e24485cea50d1cbac27 -> 
  custom:video-encoder-webm-vp8: eb34c28f22e8b96e1ab97ce403110664 -> 
  custom:video-decoder-webm-vp8: 9c59270c3fd7afecdb556c50c9e8de78 -> 
  custom:audio-decoder-ogg-vorbis: bf7c407c2cedff20999df2af8eb42d56 -> 
  custom:audio-encoder-webm-vorbis: bf7c407c2cedff20999df2af8eb42d56 -> 
========================================================================
Received Import Request.
  Time since last request: 5.301720 seconds.
  path: Assets/動畫/玉米主角-等待.anim
  artifactKey: Guid(eef23d4d116dd9a46b40950a56cdb1df) Importer(815301076,1909f56bfc062723c751e8b465ee728b)
Start importing Assets/動畫/玉米主角-等待.anim using Guid(eef23d4d116dd9a46b40950a56cdb1df) Importer(815301076,1909f56bfc062723c751e8b465ee728b)  -> (artifact id: '0bb638488c08bd568a7b34bf3f0537ad') in 0.013130 seconds 
  Import took 0.018161 seconds .

========================================================================
Received Import Request.
  Time since last request: 1.360253 seconds.
  path: Assets/動畫/玉米主角-死亡.anim
  artifactKey: Guid(dbd89d8504cf9604c9cf5d51a5e1ee8b) Importer(815301076,1909f56bfc062723c751e8b465ee728b)
Start importing Assets/動畫/玉米主角-死亡.anim using Guid(dbd89d8504cf9604c9cf5d51a5e1ee8b) Importer(815301076,1909f56bfc062723c751e8b465ee728b)  -> (artifact id: 'f92d693ce286a7658a14c4b36000a164') in 0.005390 seconds 
  Import took 0.010172 seconds .

========================================================================
Received Import Request.
  Time since last request: 12.797395 seconds.
  path: Assets/動畫/玉米動畫.controller
  artifactKey: Guid(e0cfe0df2ab2f3745a36cc39a11fca7f) Importer(815301076,1909f56bfc062723c751e8b465ee728b)
Start importing Assets/動畫/玉米動畫.controller using Guid(e0cfe0df2ab2f3745a36cc39a11fca7f) Importer(815301076,1909f56bfc062723c751e8b465ee728b)  -> (artifact id: '306f92c6c8e8d391b85dcf9368a17057') in 0.006228 seconds 
  Import took 0.010639 seconds .

========================================================================
Received Import Request.
  Time since last request: 25.351094 seconds.
  path: Assets/動畫/玉米主角-走路.anim
  artifactKey: Guid(9958ba0047ba7d44f86ef0db85be23e6) Importer(815301076,1909f56bfc062723c751e8b465ee728b)
Start importing Assets/動畫/玉米主角-走路.anim using Guid(9958ba0047ba7d44f86ef0db85be23e6) Importer(815301076,1909f56bfc062723c751e8b465ee728b)  -> (artifact id: 'c85df3152ab2051d0e49914de131d791') in 0.003390 seconds 
  Import took 0.008828 seconds .

========================================================================
Received Prepare
Registering precompiled user dll's ...
Registered in 0.005614 seconds.
Begin MonoManager ReloadAssembly
Native extension for WindowsStandalone target not found
Native extension for WebGL target not found
Refreshing native plugins compatible for Editor in 0.43 ms, found 3 plugins.
Preloading 0 native plugins for Editor in 0.00 ms.
Mono: successfully reloaded assembly
- Completed reload, in  0.963 seconds
Domain Reload Profiling:
	ReloadAssembly (963ms)
		BeginReloadAssembly (101ms)
			ExecutionOrderSort (0ms)
			DisableScriptedObjects (6ms)
			BackupInstance (0ms)
			ReleaseScriptingObjects (0ms)
			CreateAndSetChildDomain (28ms)
		EndReloadAssembly (805ms)
			LoadAssemblies (85ms)
			RebuildTransferFunctionScriptingTraits (0ms)
			SetupTypeCache (246ms)
			ReleaseScriptCaches (1ms)
			RebuildScriptCaches (39ms)
			SetupLoadedEditorAssemblies (334ms)
				LogAssemblyErrors (0ms)
				InitializePlatformSupportModulesInManaged (15ms)
				SetLoadedEditorAssemblies (0ms)
				RefreshPlugins (1ms)
				BeforeProcessingInitializeOnLoad (104ms)
				ProcessInitializeOnLoadAttributes (202ms)
				ProcessInitializeOnLoadMethodAttributes (5ms)
				AfterProcessingInitializeOnLoad (7ms)
				EditorAssembliesLoaded (0ms)
			ExecutionOrderSort2 (0ms)
			AwakeInstancesAfterBackupRestoration (9ms)
Platform modules already initialized, skipping
Refreshing native plugins compatible for Editor in 0.51 ms, found 3 plugins.
Preloading 0 native plugins for Editor in 0.00 ms.
Unloading 2080 Unused Serialized files (Serialized files now loaded: 0)
System memory in use before: 96.7 MB.
System memory in use after: 96.8 MB.

Unloading 14 unused Assets to reduce memory usage. Loaded Objects now: 2599.
Total: 3.392900 ms (FindLiveObjects: 0.460000 ms CreateObjectMapping: 0.168000 ms MarkObjects: 2.744900 ms  DeleteObjects: 0.018300 ms)

AssetImportParameters requested are different than current active one (requested -> active):
  custom:framework-win-MediaFoundation: 216162199b28c13a410421893ffa2e32 -> 
  custom:video-decoder-ogg-theora: a1e56fd34408186e4bbccfd4996cb3dc -> 
  custom:container-muxer-webm: aa71ff27fc2769a1b78a27578f13a17b -> 
  custom:container-demuxer-webm: 4f35f7cbe854078d1ac9338744f61a02 -> 
  custom:container-demuxer-ogg: 62fdf1f143b41e24485cea50d1cbac27 -> 
  custom:video-encoder-webm-vp8: eb34c28f22e8b96e1ab97ce403110664 -> 
  custom:video-decoder-webm-vp8: 9c59270c3fd7afecdb556c50c9e8de78 -> 
  custom:audio-decoder-ogg-vorbis: bf7c407c2cedff20999df2af8eb42d56 -> 
  custom:audio-encoder-webm-vorbis: bf7c407c2cedff20999df2af8eb42d56 -> 
========================================================================
Received Import Request.
  Time since last request: 169.750189 seconds.
  path: Assets/動畫/玉米動畫.controller
  artifactKey: Guid(e0cfe0df2ab2f3745a36cc39a11fca7f) Importer(815301076,1909f56bfc062723c751e8b465ee728b)
Start importing Assets/動畫/玉米動畫.controller using Guid(e0cfe0df2ab2f3745a36cc39a11fca7f) Importer(815301076,1909f56bfc062723c751e8b465ee728b)  -> (artifact id: 'ca26efa2ff206beba200c2d50755bea9') in 0.019883 seconds 
  Import took 0.023055 seconds .

========================================================================
Received Import Request.
  Time since last request: 175.353486 seconds.
  path: Assets/動畫/土著怪物-徘徊.anim
  artifactKey: Guid(a573971549d71544582d8e2a3213d3b6) Importer(815301076,1909f56bfc062723c751e8b465ee728b)
Start importing Assets/動畫/土著怪物-徘徊.anim using Guid(a573971549d71544582d8e2a3213d3b6) Importer(815301076,1909f56bfc062723c751e8b465ee728b)  -> (artifact id: '2302da7adb2c62dcb26abae569435e45') in 0.003493 seconds 
  Import took 0.006644 seconds .

========================================================================
Received Import Request.
  Time since last request: 0.004460 seconds.
  path: Assets/動畫/土著怪物-徘徊.anim
  artifactKey: Guid(a573971549d71544582d8e2a3213d3b6) Importer(815301076,1909f56bfc062723c751e8b465ee728b)
Start importing Assets/動畫/土著怪物-徘徊.anim using Guid(a573971549d71544582d8e2a3213d3b6) Importer(815301076,1909f56bfc062723c751e8b465ee728b)  -> (artifact id: '2302da7adb2c62dcb26abae569435e45') in 0.002702 seconds 
  Import took 0.006262 seconds .

========================================================================
Received Import Request.
  Time since last request: 87.706524 seconds.
  path: Assets/圖片/土著放大.png
  artifactKey: Guid(d514d41d405e1f148ad9c18c5900f091) Importer(815301076,1909f56bfc062723c751e8b465ee728b)
Start importing Assets/圖片/土著放大.png using Guid(d514d41d405e1f148ad9c18c5900f091) Importer(815301076,1909f56bfc062723c751e8b465ee728b)  -> (artifact id: 'a66a6db577bd5e3f4f3b963d9d2ee98b') in 0.049877 seconds 
  Import took 0.053299 seconds .

========================================================================
Received Import Request.
  Time since last request: 12.450049 seconds.
  path: Assets/圖片/土著放大.png
  artifactKey: Guid(d514d41d405e1f148ad9c18c5900f091) Importer(815301076,1909f56bfc062723c751e8b465ee728b)
Start importing Assets/圖片/土著放大.png using Guid(d514d41d405e1f148ad9c18c5900f091) Importer(815301076,1909f56bfc062723c751e8b465ee728b)  -> (artifact id: '2bf014709e238a482e308469d4a740c9') in 0.010692 seconds 
  Import took 0.016164 seconds .

========================================================================
Received Import Request.
  Time since last request: 16.347862 seconds.
  path: Assets/圖片/土著放大.png
  artifactKey: Guid(d514d41d405e1f148ad9c18c5900f091) Importer(815301076,1909f56bfc062723c751e8b465ee728b)
Start importing Assets/圖片/土著放大.png using Guid(d514d41d405e1f148ad9c18c5900f091) Importer(815301076,1909f56bfc062723c751e8b465ee728b)  -> (artifact id: '30cfa168f5af01ad4386d10f3c9db724') in 0.033625 seconds 
  Import took 0.038437 seconds .

========================================================================
Received Prepare
Registering precompiled user dll's ...
Registered in 0.003628 seconds.
Begin MonoManager ReloadAssembly
Native extension for WindowsStandalone target not found
Native extension for WebGL target not found
Refreshing native plugins compatible for Editor in 0.42 ms, found 3 plugins.
Preloading 0 native plugins for Editor in 0.00 ms.
Mono: successfully reloaded assembly
- Completed reload, in  0.984 seconds
Domain Reload Profiling:
	ReloadAssembly (985ms)
		BeginReloadAssembly (105ms)
			ExecutionOrderSort (0ms)
			DisableScriptedObjects (5ms)
			BackupInstance (0ms)
			ReleaseScriptingObjects (0ms)
			CreateAndSetChildDomain (31ms)
		EndReloadAssembly (821ms)
			LoadAssemblies (86ms)
			RebuildTransferFunctionScriptingTraits (0ms)
			SetupTypeCache (260ms)
			ReleaseScriptCaches (1ms)
			RebuildScriptCaches (47ms)
			SetupLoadedEditorAssemblies (330ms)
				LogAssemblyErrors (0ms)
				InitializePlatformSupportModulesInManaged (5ms)
				SetLoadedEditorAssemblies (0ms)
				RefreshPlugins (0ms)
				BeforeProcessingInitializeOnLoad (101ms)
				ProcessInitializeOnLoadAttributes (210ms)
				ProcessInitializeOnLoadMethodAttributes (6ms)
				AfterProcessingInitializeOnLoad (8ms)
				EditorAssembliesLoaded (0ms)
			ExecutionOrderSort2 (0ms)
			AwakeInstancesAfterBackupRestoration (10ms)
Platform modules already initialized, skipping
Refreshing native plugins compatible for Editor in 0.66 ms, found 3 plugins.
Preloading 0 native plugins for Editor in 0.00 ms.
Unloading 2080 Unused Serialized files (Serialized files now loaded: 0)
System memory in use before: 96.7 MB.
System memory in use after: 96.8 MB.

Unloading 14 unused Assets to reduce memory usage. Loaded Objects now: 2603.
Total: 3.226600 ms (FindLiveObjects: 0.208200 ms CreateObjectMapping: 0.069700 ms MarkObjects: 2.922800 ms  DeleteObjects: 0.025100 ms)

AssetImportParameters requested are different than current active one (requested -> active):
  custom:framework-win-MediaFoundation: 216162199b28c13a410421893ffa2e32 -> 
  custom:video-decoder-ogg-theora: a1e56fd34408186e4bbccfd4996cb3dc -> 
  custom:container-muxer-webm: aa71ff27fc2769a1b78a27578f13a17b -> 
  custom:container-demuxer-webm: 4f35f7cbe854078d1ac9338744f61a02 -> 
  custom:container-demuxer-ogg: 62fdf1f143b41e24485cea50d1cbac27 -> 
  custom:video-encoder-webm-vp8: eb34c28f22e8b96e1ab97ce403110664 -> 
  custom:video-decoder-webm-vp8: 9c59270c3fd7afecdb556c50c9e8de78 -> 
  custom:audio-decoder-ogg-vorbis: bf7c407c2cedff20999df2af8eb42d56 -> 
  custom:audio-encoder-webm-vorbis: bf7c407c2cedff20999df2af8eb42d56 -> 
========================================================================
Received Import Request.
  Time since last request: 125.992104 seconds.
  path: Assets/圖片/土著放大.png
  artifactKey: Guid(d514d41d405e1f148ad9c18c5900f091) Importer(815301076,1909f56bfc062723c751e8b465ee728b)
Start importing Assets/圖片/土著放大.png using Guid(d514d41d405e1f148ad9c18c5900f091) Importer(815301076,1909f56bfc062723c751e8b465ee728b)  -> (artifact id: '9c9891aba2accd00c23e8dc38aa17dda') in 0.064878 seconds 
  Import took 0.069056 seconds .

========================================================================
Received Import Request.
  Time since last request: 17.049344 seconds.
  path: Assets/圖片/土著放大.png
  artifactKey: Guid(d514d41d405e1f148ad9c18c5900f091) Importer(815301076,1909f56bfc062723c751e8b465ee728b)
Start importing Assets/圖片/土著放大.png using Guid(d514d41d405e1f148ad9c18c5900f091) Importer(815301076,1909f56bfc062723c751e8b465ee728b)  -> (artifact id: '263f8011688d72425fbb8edbeb8aa82f') in 0.040457 seconds 
  Import took 0.045051 seconds .

========================================================================
Received Import Request.
  Time since last request: 17.760188 seconds.
  path: Assets/圖片/土著放大.png
  artifactKey: Guid(d514d41d405e1f148ad9c18c5900f091) Importer(815301076,1909f56bfc062723c751e8b465ee728b)
Start importing Assets/圖片/土著放大.png using Guid(d514d41d405e1f148ad9c18c5900f091) Importer(815301076,1909f56bfc062723c751e8b465ee728b)  -> (artifact id: '74b8c178601ff13033596cdb043d7d99') in 0.030360 seconds 
  Import took 0.034088 seconds .

========================================================================
Received Import Request.
  Time since last request: 47.605884 seconds.
  path: Assets/圖片/土著放大.png
  artifactKey: Guid(d514d41d405e1f148ad9c18c5900f091) Importer(815301076,1909f56bfc062723c751e8b465ee728b)
Start importing Assets/圖片/土著放大.png using Guid(d514d41d405e1f148ad9c18c5900f091) Importer(815301076,1909f56bfc062723c751e8b465ee728b)  -> (artifact id: '60d28cfe9b7c15fd942a114fdee0489f') in 0.038566 seconds 
  Import took 0.042074 seconds .

========================================================================
Received Import Request.
  Time since last request: 43.735909 seconds.
  path: Assets/動畫/土著放大_0.controller
  artifactKey: Guid(fa9ee633f87badf408e68464adac3736) Importer(815301076,1909f56bfc062723c751e8b465ee728b)
Start importing Assets/動畫/土著放大_0.controller using Guid(fa9ee633f87badf408e68464adac3736) Importer(815301076,1909f56bfc062723c751e8b465ee728b)  -> (artifact id: '6aad430f8e145c141dee17cc8c432455') in 0.004313 seconds 
  Import took 0.007770 seconds .

========================================================================
Received Import Request.
  Time since last request: 0.665730 seconds.
  path: Assets/動畫/土著放大_0 (1).controller
  artifactKey: Guid(4372b15a06f235847adbfdb37f5e516f) Importer(815301076,1909f56bfc062723c751e8b465ee728b)
Start importing Assets/動畫/土著放大_0 (1).controller using Guid(4372b15a06f235847adbfdb37f5e516f) Importer(815301076,1909f56bfc062723c751e8b465ee728b)  -> (artifact id: '7baab888c5287b533993b9829a34fca0') in 0.003552 seconds 
  Import took 0.009815 seconds .

========================================================================
Received Import Request.
  Time since last request: 0.627787 seconds.
  path: Assets/動畫/土著放大_4.controller
  artifactKey: Guid(ced8dbc6768921241bc50f465ff91c99) Importer(815301076,1909f56bfc062723c751e8b465ee728b)
Start importing Assets/動畫/土著放大_4.controller using Guid(ced8dbc6768921241bc50f465ff91c99) Importer(815301076,1909f56bfc062723c751e8b465ee728b)  -> (artifact id: '1abc89ec6959bcf40abf729b9004b25d') in 0.003158 seconds 
  Import took 0.007385 seconds .

========================================================================
Received Prepare
Registering precompiled user dll's ...
Registered in 0.003784 seconds.
Begin MonoManager ReloadAssembly
Native extension for WindowsStandalone target not found
Native extension for WebGL target not found
Refreshing native plugins compatible for Editor in 0.45 ms, found 3 plugins.
Preloading 0 native plugins for Editor in 0.00 ms.
Mono: successfully reloaded assembly
- Completed reload, in  0.967 seconds
Domain Reload Profiling:
	ReloadAssembly (967ms)
		BeginReloadAssembly (102ms)
			ExecutionOrderSort (0ms)
			DisableScriptedObjects (6ms)
			BackupInstance (0ms)
			ReleaseScriptingObjects (0ms)
			CreateAndSetChildDomain (29ms)
		EndReloadAssembly (807ms)
			LoadAssemblies (86ms)
			RebuildTransferFunctionScriptingTraits (0ms)
			SetupTypeCache (250ms)
			ReleaseScriptCaches (1ms)
			RebuildScriptCaches (38ms)
			SetupLoadedEditorAssemblies (338ms)
				LogAssemblyErrors (0ms)
				InitializePlatformSupportModulesInManaged (5ms)
				SetLoadedEditorAssemblies (0ms)
				RefreshPlugins (1ms)
				BeforeProcessingInitializeOnLoad (58ms)
				ProcessInitializeOnLoadAttributes (262ms)
				ProcessInitializeOnLoadMethodAttributes (5ms)
				AfterProcessingInitializeOnLoad (8ms)
				EditorAssembliesLoaded (0ms)
			ExecutionOrderSort2 (0ms)
			AwakeInstancesAfterBackupRestoration (9ms)
Platform modules already initialized, skipping
Refreshing native plugins compatible for Editor in 0.49 ms, found 3 plugins.
Preloading 0 native plugins for Editor in 0.00 ms.
Unloading 2080 Unused Serialized files (Serialized files now loaded: 0)
System memory in use before: 96.7 MB.
System memory in use after: 96.8 MB.

Unloading 14 unused Assets to reduce memory usage. Loaded Objects now: 2613.
Total: 3.039700 ms (FindLiveObjects: 0.226300 ms CreateObjectMapping: 0.101100 ms MarkObjects: 2.660300 ms  DeleteObjects: 0.051000 ms)

AssetImportParameters requested are different than current active one (requested -> active):
  custom:framework-win-MediaFoundation: 216162199b28c13a410421893ffa2e32 -> 
  custom:video-decoder-ogg-theora: a1e56fd34408186e4bbccfd4996cb3dc -> 
  custom:container-muxer-webm: aa71ff27fc2769a1b78a27578f13a17b -> 
  custom:container-demuxer-webm: 4f35f7cbe854078d1ac9338744f61a02 -> 
  custom:container-demuxer-ogg: 62fdf1f143b41e24485cea50d1cbac27 -> 
  custom:video-encoder-webm-vp8: eb34c28f22e8b96e1ab97ce403110664 -> 
  custom:video-decoder-webm-vp8: 9c59270c3fd7afecdb556c50c9e8de78 -> 
  custom:audio-decoder-ogg-vorbis: bf7c407c2cedff20999df2af8eb42d56 -> 
  custom:audio-encoder-webm-vorbis: bf7c407c2cedff20999df2af8eb42d56 -> 
========================================================================
Received Import Request.
  Time since last request: 23.392538 seconds.
  path: Assets/動畫/土著動畫.controller
  artifactKey: Guid(a77b41481e3602d4486eb3538819f76b) Importer(815301076,1909f56bfc062723c751e8b465ee728b)
Start importing Assets/動畫/土著動畫.controller using Guid(a77b41481e3602d4486eb3538819f76b) Importer(815301076,1909f56bfc062723c751e8b465ee728b)  -> (artifact id: '7ef76b3c0aa8b0a34174fa60e0947705') in 0.020209 seconds 
  Import took 0.025771 seconds .

========================================================================
Received Import Request.
  Time since last request: 19.961113 seconds.
  path: Assets/動畫/土著怪物-等待.anim
  artifactKey: Guid(4e9fdc38aba18f34881a02b82894d23d) Importer(815301076,1909f56bfc062723c751e8b465ee728b)
Start importing Assets/動畫/土著怪物-等待.anim using Guid(4e9fdc38aba18f34881a02b82894d23d) Importer(815301076,1909f56bfc062723c751e8b465ee728b)  -> (artifact id: 'adb0c96a083c568553a0a0e204ab271a') in 0.003717 seconds 
  Import took 0.008883 seconds .

========================================================================
Received Import Request.
  Time since last request: 5.626745 seconds.
  path: Assets/動畫/土著怪物_攻擊.anim
  artifactKey: Guid(e06996bd97c3b0f4ea032094ce68c5a1) Importer(815301076,1909f56bfc062723c751e8b465ee728b)
Start importing Assets/動畫/土著怪物_攻擊.anim using Guid(e06996bd97c3b0f4ea032094ce68c5a1) Importer(815301076,1909f56bfc062723c751e8b465ee728b)  -> (artifact id: 'c2bd784c19d0407c1b3f0e8fa41702ae') in 0.004706 seconds 
  Import took 0.009031 seconds .

========================================================================
Received Import Request.
  Time since last request: 0.779763 seconds.
  path: Assets/動畫/土著怪物_死亡.anim
  artifactKey: Guid(3cf42044c77c0714cad62cdb43e07efe) Importer(815301076,1909f56bfc062723c751e8b465ee728b)
Start importing Assets/動畫/土著怪物_死亡.anim using Guid(3cf42044c77c0714cad62cdb43e07efe) Importer(815301076,1909f56bfc062723c751e8b465ee728b)  -> (artifact id: '8c0c4cbbcaaad586e670d1f9f56b7514') in 0.002806 seconds 
  Import took 0.009664 seconds .

========================================================================
Received Prepare
Registering precompiled user dll's ...
Registered in 0.003827 seconds.
Begin MonoManager ReloadAssembly
Native extension for WindowsStandalone target not found
Native extension for WebGL target not found
Refreshing native plugins compatible for Editor in 0.83 ms, found 3 plugins.
Preloading 0 native plugins for Editor in 0.00 ms.
Mono: successfully reloaded assembly
- Completed reload, in  1.006 seconds
Domain Reload Profiling:
	ReloadAssembly (1006ms)
		BeginReloadAssembly (105ms)
			ExecutionOrderSort (0ms)
			DisableScriptedObjects (6ms)
			BackupInstance (0ms)
			ReleaseScriptingObjects (0ms)
			CreateAndSetChildDomain (32ms)
		EndReloadAssembly (843ms)
			LoadAssemblies (88ms)
			RebuildTransferFunctionScriptingTraits (0ms)
			SetupTypeCache (249ms)
			ReleaseScriptCaches (1ms)
			RebuildScriptCaches (40ms)
			SetupLoadedEditorAssemblies (352ms)
				LogAssemblyErrors (0ms)
				InitializePlatformSupportModulesInManaged (7ms)
				SetLoadedEditorAssemblies (1ms)
				RefreshPlugins (1ms)
				BeforeProcessingInitializeOnLoad (66ms)
				ProcessInitializeOnLoadAttributes (266ms)
				ProcessInitializeOnLoadMethodAttributes (5ms)
				AfterProcessingInitializeOnLoad (7ms)
				EditorAssembliesLoaded (0ms)
			ExecutionOrderSort2 (0ms)
			AwakeInstancesAfterBackupRestoration (11ms)
Platform modules already initialized, skipping
Refreshing native plugins compatible for Editor in 0.49 ms, found 3 plugins.
Preloading 0 native plugins for Editor in 0.00 ms.
Unloading 2080 Unused Serialized files (Serialized files now loaded: 0)
System memory in use before: 96.7 MB.
System memory in use after: 96.9 MB.

Unloading 14 unused Assets to reduce memory usage. Loaded Objects now: 2616.
Total: 2.744300 ms (FindLiveObjects: 0.191300 ms CreateObjectMapping: 0.069900 ms MarkObjects: 2.465300 ms  DeleteObjects: 0.016600 ms)

AssetImportParameters requested are different than current active one (requested -> active):
  custom:framework-win-MediaFoundation: 216162199b28c13a410421893ffa2e32 -> 
  custom:video-decoder-ogg-theora: a1e56fd34408186e4bbccfd4996cb3dc -> 
  custom:container-muxer-webm: aa71ff27fc2769a1b78a27578f13a17b -> 
  custom:container-demuxer-webm: 4f35f7cbe854078d1ac9338744f61a02 -> 
  custom:container-demuxer-ogg: 62fdf1f143b41e24485cea50d1cbac27 -> 
  custom:video-encoder-webm-vp8: eb34c28f22e8b96e1ab97ce403110664 -> 
  custom:video-decoder-webm-vp8: 9c59270c3fd7afecdb556c50c9e8de78 -> 
  custom:audio-decoder-ogg-vorbis: bf7c407c2cedff20999df2af8eb42d56 -> 
  custom:audio-encoder-webm-vorbis: bf7c407c2cedff20999df2af8eb42d56 -> 
========================================================================
Received Prepare
Registering precompiled user dll's ...
Registered in 0.003874 seconds.
Begin MonoManager ReloadAssembly
Native extension for WindowsStandalone target not found
Native extension for WebGL target not found
Refreshing native plugins compatible for Editor in 0.86 ms, found 3 plugins.
Preloading 0 native plugins for Editor in 0.00 ms.
Mono: successfully reloaded assembly
- Completed reload, in  1.052 seconds
Domain Reload Profiling:
	ReloadAssembly (1052ms)
		BeginReloadAssembly (120ms)
			ExecutionOrderSort (0ms)
			DisableScriptedObjects (6ms)
			BackupInstance (0ms)
			ReleaseScriptingObjects (0ms)
			CreateAndSetChildDomain (35ms)
		EndReloadAssembly (874ms)
			LoadAssemblies (87ms)
			RebuildTransferFunctionScriptingTraits (0ms)
			SetupTypeCache (268ms)
			ReleaseScriptCaches (1ms)
			RebuildScriptCaches (49ms)
			SetupLoadedEditorAssemblies (370ms)
				LogAssemblyErrors (0ms)
				InitializePlatformSupportModulesInManaged (19ms)
				SetLoadedEditorAssemblies (0ms)
				RefreshPlugins (1ms)
				BeforeProcessingInitializeOnLoad (122ms)
				ProcessInitializeOnLoadAttributes (215ms)
				ProcessInitializeOnLoadMethodAttributes (5ms)
				AfterProcessingInitializeOnLoad (7ms)
				EditorAssembliesLoaded (0ms)
			ExecutionOrderSort2 (0ms)
			AwakeInstancesAfterBackupRestoration (10ms)
Platform modules already initialized, skipping
Refreshing native plugins compatible for Editor in 0.42 ms, found 3 plugins.
Preloading 0 native plugins for Editor in 0.00 ms.
Unloading 2080 Unused Serialized files (Serialized files now loaded: 0)
System memory in use before: 96.7 MB.
System memory in use after: 96.9 MB.

Unloading 14 unused Assets to reduce memory usage. Loaded Objects now: 2619.
Total: 3.024300 ms (FindLiveObjects: 0.207300 ms CreateObjectMapping: 0.079600 ms MarkObjects: 2.719900 ms  DeleteObjects: 0.016300 ms)

AssetImportParameters requested are different than current active one (requested -> active):
  custom:framework-win-MediaFoundation: 216162199b28c13a410421893ffa2e32 -> 
  custom:video-decoder-ogg-theora: a1e56fd34408186e4bbccfd4996cb3dc -> 
  custom:container-muxer-webm: aa71ff27fc2769a1b78a27578f13a17b -> 
  custom:container-demuxer-webm: 4f35f7cbe854078d1ac9338744f61a02 -> 
  custom:container-demuxer-ogg: 62fdf1f143b41e24485cea50d1cbac27 -> 
  custom:video-encoder-webm-vp8: eb34c28f22e8b96e1ab97ce403110664 -> 
  custom:video-decoder-webm-vp8: 9c59270c3fd7afecdb556c50c9e8de78 -> 
  custom:audio-decoder-ogg-vorbis: bf7c407c2cedff20999df2af8eb42d56 -> 
  custom:audio-encoder-webm-vorbis: bf7c407c2cedff20999df2af8eb42d56 -> 
========================================================================
Received Import Request.
  Time since last request: 240.063713 seconds.
  path: Assets/動畫/土著動畫.controller
  artifactKey: Guid(a77b41481e3602d4486eb3538819f76b) Importer(815301076,1909f56bfc062723c751e8b465ee728b)
Start importing Assets/動畫/土著動畫.controller using Guid(a77b41481e3602d4486eb3538819f76b) Importer(815301076,1909f56bfc062723c751e8b465ee728b)  -> (artifact id: '9a330f89ae7ef5ecf7252b5aa891a1e4') in 0.013766 seconds 
  Import took 0.016788 seconds .

AssetImportWorkerClient::OnTransportError - code=2 error=End of file
